[INFO] Scanning for projects...
[INFO] ------------------------------------------------------------------------
[INFO] Detecting the operating system and CPU architecture
[INFO] ------------------------------------------------------------------------
[INFO] os.detected.name: linux
[INFO] os.detected.arch: x86_64
[INFO] os.detected.bitness: 64
[INFO] os.detected.version: 5.10
[INFO] os.detected.version.major: 5
[INFO] os.detected.version.minor: 10
[INFO] os.detected.release: ubuntu
[INFO] os.detected.release.version: 20.04
[INFO] os.detected.release.like.ubuntu: true
[INFO] os.detected.release.like.debian: true
[INFO] os.detected.classifier: linux-x86_64
[INFO] 
[INFO] ------------------< org.apache.hadoop:hadoop-common >-------------------
[INFO] Building Apache Hadoop Common 3.3.6
[INFO] --------------------------------[ jar ]---------------------------------
[INFO] 
[INFO] --- maven-surefire-plugin:3.0.0-M1:test (default-cli) @ hadoop-common ---
[INFO] 
[INFO] -------------------------------------------------------
[INFO]  T E S T S
[INFO] -------------------------------------------------------
[INFO] Running org.apache.hadoop.fs.TestLocalFSFileContextMainOperations
[INFO] Tests run: 75, Failures: 0, Errors: 0, Skipped: 0, Time elapsed: 0.669 s - in org.apache.hadoop.fs.TestLocalFSFileContextMainOperations
[INFO] Running org.apache.hadoop.fs.protocolPB.TestFSSerialization
[INFO] Tests run: 2, Failures: 0, Errors: 0, Skipped: 0, Time elapsed: 0.098 s - in org.apache.hadoop.fs.protocolPB.TestFSSerialization
[INFO] Running org.apache.hadoop.fs.TestLocalFSFileContextCreateMkdir
[INFO] Tests run: 11, Failures: 0, Errors: 0, Skipped: 0, Time elapsed: 0.215 s - in org.apache.hadoop.fs.TestLocalFSFileContextCreateMkdir
[INFO] Running org.apache.hadoop.fs.TestTruncatedInputBug
[INFO] Tests run: 1, Failures: 0, Errors: 0, Skipped: 0, Time elapsed: 0.17 s - in org.apache.hadoop.fs.TestTruncatedInputBug
[INFO] Running org.apache.hadoop.fs.statistics.TestDynamicIOStatistics
[INFO] Tests run: 16, Failures: 0, Errors: 0, Skipped: 0, Time elapsed: 0.132 s - in org.apache.hadoop.fs.statistics.TestDynamicIOStatistics
[INFO] Running org.apache.hadoop.fs.statistics.TestIOStatisticsSetters
[INFO] Tests run: 15, Failures: 0, Errors: 0, Skipped: 0, Time elapsed: 0.101 s - in org.apache.hadoop.fs.statistics.TestIOStatisticsSetters
[INFO] Running org.apache.hadoop.fs.statistics.TestEmptyIOStatistics
[INFO] Tests run: 9, Failures: 0, Errors: 0, Skipped: 0, Time elapsed: 0.115 s - in org.apache.hadoop.fs.statistics.TestEmptyIOStatistics
[INFO] Running org.apache.hadoop.fs.statistics.TestMeanStatistic
[INFO] Tests run: 16, Failures: 0, Errors: 0, Skipped: 0, Time elapsed: 0.19 s - in org.apache.hadoop.fs.statistics.TestMeanStatistic
[INFO] Running org.apache.hadoop.fs.statistics.TestDurationTracking
[INFO] Tests run: 13, Failures: 0, Errors: 0, Skipped: 0, Time elapsed: 0.792 s - in org.apache.hadoop.fs.statistics.TestDurationTracking
[INFO] Running org.apache.hadoop.fs.statistics.TestIOStatisticsStore
[INFO] Tests run: 7, Failures: 0, Errors: 0, Skipped: 0, Time elapsed: 0.197 s - in org.apache.hadoop.fs.statistics.TestIOStatisticsStore
[INFO] Running org.apache.hadoop.fs.statistics.TestIOStatisticsSnapshot
[INFO] Tests run: 7, Failures: 0, Errors: 0, Skipped: 0, Time elapsed: 0.209 s - in org.apache.hadoop.fs.statistics.TestIOStatisticsSnapshot
[INFO] Running org.apache.hadoop.fs.http.TestHttpFileSystem
[INFO] Tests run: 2, Failures: 0, Errors: 0, Skipped: 0, Time elapsed: 0.216 s - in org.apache.hadoop.fs.http.TestHttpFileSystem
[INFO] Running org.apache.hadoop.fs.TestChecksumFs
[INFO] Tests run: 4, Failures: 0, Errors: 0, Skipped: 0, Time elapsed: 0.235 s - in org.apache.hadoop.fs.TestChecksumFs
[INFO] Running org.apache.hadoop.fs.TestGlobPattern
[INFO] Tests run: 3, Failures: 0, Errors: 0, Skipped: 0, Time elapsed: 0.067 s - in org.apache.hadoop.fs.TestGlobPattern
[INFO] Running org.apache.hadoop.fs.TestLocalFSCopyFromLocal
[INFO] Tests run: 19, Failures: 0, Errors: 0, Skipped: 0, Time elapsed: 0.748 s - in org.apache.hadoop.fs.TestLocalFSCopyFromLocal
[INFO] Running org.apache.hadoop.fs.TestFcLocalFsUtil
[INFO] Tests run: 2, Failures: 0, Errors: 0, Skipped: 0, Time elapsed: 0.174 s - in org.apache.hadoop.fs.TestFcLocalFsUtil
[INFO] Running org.apache.hadoop.fs.TestVectoredReadUtils
[INFO] Tests run: 12, Failures: 0, Errors: 0, Skipped: 0, Time elapsed: 0.262 s - in org.apache.hadoop.fs.TestVectoredReadUtils
[INFO] Running org.apache.hadoop.fs.TestFileSystemCanonicalization
[INFO] Tests run: 16, Failures: 0, Errors: 0, Skipped: 0, Time elapsed: 0.155 s - in org.apache.hadoop.fs.TestFileSystemCanonicalization
[INFO] Running org.apache.hadoop.fs.TestGlobExpander
[INFO] Tests run: 2, Failures: 0, Errors: 0, Skipped: 0, Time elapsed: 0.045 s - in org.apache.hadoop.fs.TestGlobExpander
[INFO] Running org.apache.hadoop.fs.TestFsShellTouch
[INFO] Tests run: 2, Failures: 0, Errors: 0, Skipped: 0, Time elapsed: 0.212 s - in org.apache.hadoop.fs.TestFsShellTouch
[INFO] Running org.apache.hadoop.fs.TestSymlinkLocalFSFileContext
[WARNING] Tests run: 63, Failures: 0, Errors: 0, Skipped: 3, Time elapsed: 0.866 s - in org.apache.hadoop.fs.TestSymlinkLocalFSFileContext
[INFO] Running org.apache.hadoop.fs.TestQuotaUsage
[INFO] Tests run: 8, Failures: 0, Errors: 0, Skipped: 0, Time elapsed: 0.082 s - in org.apache.hadoop.fs.TestQuotaUsage
[INFO] Running org.apache.hadoop.fs.TestGetFileBlockLocations
[INFO] Tests run: 3, Failures: 0, Errors: 0, Skipped: 0, Time elapsed: 0.192 s - in org.apache.hadoop.fs.TestGetFileBlockLocations
[INFO] Running org.apache.hadoop.fs.TestFilterFileSystem
[INFO] Tests run: 14, Failures: 0, Errors: 0, Skipped: 0, Time elapsed: 0.398 s - in org.apache.hadoop.fs.TestFilterFileSystem
[INFO] Running org.apache.hadoop.fs.TestFsShellReturnCode
[INFO] Tests run: 10, Failures: 0, Errors: 0, Skipped: 0, Time elapsed: 0.447 s - in org.apache.hadoop.fs.TestFsShellReturnCode
[INFO] Running org.apache.hadoop.fs.ftp.TestFTPFileSystem
[INFO] Tests run: 7, Failures: 0, Errors: 0, Skipped: 0, Time elapsed: 0.305 s - in org.apache.hadoop.fs.ftp.TestFTPFileSystem
[INFO] Running org.apache.hadoop.fs.viewfs.TestViewFSOverloadSchemeCentralMountTableConfig
[INFO] Tests run: 4, Failures: 0, Errors: 0, Skipped: 0, Time elapsed: 0.223 s - in org.apache.hadoop.fs.viewfs.TestViewFSOverloadSchemeCentralMountTableConfig
[INFO] Running org.apache.hadoop.fs.viewfs.TestViewfsFileStatus
[INFO] Tests run: 3, Failures: 0, Errors: 0, Skipped: 0, Time elapsed: 0.502 s - in org.apache.hadoop.fs.viewfs.TestViewfsFileStatus
[INFO] Running org.apache.hadoop.fs.viewfs.TestViewFileSystemOverloadSchemeLocalFileSystem
[INFO] Tests run: 4, Failures: 0, Errors: 0, Skipped: 0, Time elapsed: 0.202 s - in org.apache.hadoop.fs.viewfs.TestViewFileSystemOverloadSchemeLocalFileSystem
[INFO] Running org.apache.hadoop.fs.viewfs.TestViewFsLocalFs
[INFO] Tests run: 66, Failures: 0, Errors: 0, Skipped: 0, Time elapsed: 0.95 s - in org.apache.hadoop.fs.viewfs.TestViewFsLocalFs
[INFO] Running org.apache.hadoop.fs.viewfs.TestFcMainOperationsLocalFs
[INFO] Tests run: 73, Failures: 0, Errors: 0, Skipped: 0, Time elapsed: 0.765 s - in org.apache.hadoop.fs.viewfs.TestFcMainOperationsLocalFs
[INFO] Running org.apache.hadoop.fs.viewfs.TestFcCreateMkdirLocalFs
[INFO] Tests run: 11, Failures: 0, Errors: 0, Skipped: 0, Time elapsed: 0.253 s - in org.apache.hadoop.fs.viewfs.TestFcCreateMkdirLocalFs
[INFO] Running org.apache.hadoop.fs.viewfs.TestViewFsTrash
[INFO] Tests run: 2, Failures: 0, Errors: 0, Skipped: 0, Time elapsed: 0.37 s - in org.apache.hadoop.fs.viewfs.TestViewFsTrash
[INFO] Running org.apache.hadoop.fs.viewfs.TestViewFileSystemDelegation
[INFO] Tests run: 2, Failures: 0, Errors: 0, Skipped: 0, Time elapsed: 0.403 s - in org.apache.hadoop.fs.viewfs.TestViewFileSystemDelegation
[INFO] Running org.apache.hadoop.fs.viewfs.TestHCFSMountTableConfigLoader
[INFO] Tests run: 5, Failures: 0, Errors: 0, Skipped: 0, Time elapsed: 0.187 s - in org.apache.hadoop.fs.viewfs.TestHCFSMountTableConfigLoader
[INFO] Running org.apache.hadoop.fs.viewfs.TestRegexMountPointInterceptorFactory
[INFO] Tests run: 2, Failures: 0, Errors: 0, Skipped: 0, Time elapsed: 0.045 s - in org.apache.hadoop.fs.viewfs.TestRegexMountPointInterceptorFactory
[INFO] Running org.apache.hadoop.fs.viewfs.TestRegexMountPoint
[INFO] Tests run: 3, Failures: 0, Errors: 0, Skipped: 0, Time elapsed: 0.149 s - in org.apache.hadoop.fs.viewfs.TestRegexMountPoint
[INFO] Running org.apache.hadoop.fs.viewfs.TestViewFsWithAuthorityLocalFs
[INFO] Tests run: 66, Failures: 0, Errors: 0, Skipped: 0, Time elapsed: 0.962 s - in org.apache.hadoop.fs.viewfs.TestViewFsWithAuthorityLocalFs
[INFO] Running org.apache.hadoop.fs.viewfs.TestViewFsOverloadSchemeListStatus
[INFO] Tests run: 2, Failures: 0, Errors: 0, Skipped: 0, Time elapsed: 0.189 s - in org.apache.hadoop.fs.viewfs.TestViewFsOverloadSchemeListStatus
[INFO] Running org.apache.hadoop.fs.viewfs.TestRegexMountPointResolvedDstPathReplaceInterceptor
[INFO] Tests run: 5, Failures: 0, Errors: 0, Skipped: 0, Time elapsed: 0.049 s - in org.apache.hadoop.fs.viewfs.TestRegexMountPointResolvedDstPathReplaceInterceptor
[INFO] Running org.apache.hadoop.fs.viewfs.TestViewFileSystemWithAuthorityLocalFileSystem
[WARNING] Tests run: 86, Failures: 0, Errors: 0, Skipped: 1, Time elapsed: 1.226 s - in org.apache.hadoop.fs.viewfs.TestViewFileSystemWithAuthorityLocalFileSystem
[INFO] Running org.apache.hadoop.fs.viewfs.TestChRootedFs
[INFO] Tests run: 14, Failures: 0, Errors: 0, Skipped: 0, Time elapsed: 0.463 s - in org.apache.hadoop.fs.viewfs.TestChRootedFs
[INFO] Running org.apache.hadoop.fs.viewfs.TestChRootedFileSystem
[INFO] Tests run: 22, Failures: 0, Errors: 0, Skipped: 0, Time elapsed: 0.541 s - in org.apache.hadoop.fs.viewfs.TestChRootedFileSystem
[INFO] Running org.apache.hadoop.fs.viewfs.TestFSMainOperationsLocalFileSystem
[INFO] Tests run: 50, Failures: 0, Errors: 0, Skipped: 0, Time elapsed: 0.585 s - in org.apache.hadoop.fs.viewfs.TestFSMainOperationsLocalFileSystem
[INFO] Running org.apache.hadoop.fs.viewfs.TestFcPermissionsLocalFs
[INFO] Tests run: 4, Failures: 0, Errors: 0, Skipped: 0, Time elapsed: 0.202 s - in org.apache.hadoop.fs.viewfs.TestFcPermissionsLocalFs
[INFO] Running org.apache.hadoop.fs.viewfs.TestViewFileSystemLocalFileSystem
[WARNING] Tests run: 88, Failures: 0, Errors: 0, Skipped: 1, Time elapsed: 1.255 s - in org.apache.hadoop.fs.viewfs.TestViewFileSystemLocalFileSystem
[INFO] Running org.apache.hadoop.fs.viewfs.TestViewFsURIs
[INFO] Tests run: 1, Failures: 0, Errors: 0, Skipped: 0, Time elapsed: 0.149 s - in org.apache.hadoop.fs.viewfs.TestViewFsURIs
[INFO] Running org.apache.hadoop.fs.viewfs.TestViewFileSystemDelegationTokenSupport
[INFO] Tests run: 4, Failures: 0, Errors: 0, Skipped: 0, Time elapsed: 0.171 s - in org.apache.hadoop.fs.viewfs.TestViewFileSystemDelegationTokenSupport
[INFO] Running org.apache.hadoop.fs.viewfs.TestViewFsConfig
[INFO] Tests run: 1, Failures: 0, Errors: 0, Skipped: 0, Time elapsed: 0.143 s - in org.apache.hadoop.fs.viewfs.TestViewFsConfig
[INFO] Running org.apache.hadoop.fs.TestAfsCheckPath
[INFO] Tests run: 4, Failures: 0, Errors: 0, Skipped: 0, Time elapsed: 0.08 s - in org.apache.hadoop.fs.TestAfsCheckPath
[INFO] Running org.apache.hadoop.fs.TestDefaultUri
[INFO] Tests run: 8, Failures: 0, Errors: 0, Skipped: 0, Time elapsed: 0.166 s - in org.apache.hadoop.fs.TestDefaultUri
[INFO] Running org.apache.hadoop.fs.TestDelegationTokenRenewer
[INFO] Tests run: 5, Failures: 0, Errors: 0, Skipped: 0, Time elapsed: 5.502 s - in org.apache.hadoop.fs.TestDelegationTokenRenewer
[INFO] Running org.apache.hadoop.fs.TestFileContextResolveAfs
[INFO] Tests run: 1, Failures: 0, Errors: 0, Skipped: 0, Time elapsed: 0.183 s - in org.apache.hadoop.fs.TestFileContextResolveAfs
[INFO] Running org.apache.hadoop.fs.permission.TestFsPermission
[INFO] Tests run: 10, Failures: 0, Errors: 0, Skipped: 0, Time elapsed: 0.129 s - in org.apache.hadoop.fs.permission.TestFsPermission
[INFO] Running org.apache.hadoop.fs.permission.TestAcl
[INFO] Tests run: 6, Failures: 0, Errors: 0, Skipped: 0, Time elapsed: 0.084 s - in org.apache.hadoop.fs.permission.TestAcl
[INFO] Running org.apache.hadoop.fs.TestFsOptions
[INFO] Tests run: 1, Failures: 0, Errors: 0, Skipped: 0, Time elapsed: 0.047 s - in org.apache.hadoop.fs.TestFsOptions
[INFO] Running org.apache.hadoop.fs.TestAvroFSInput
[INFO] Tests run: 1, Failures: 0, Errors: 0, Skipped: 0, Time elapsed: 0.179 s - in org.apache.hadoop.fs.TestAvroFSInput
[INFO] Running org.apache.hadoop.fs.TestSymlinkLocalFSFileSystem
[WARNING] Tests run: 63, Failures: 0, Errors: 0, Skipped: 7, Time elapsed: 0.726 s - in org.apache.hadoop.fs.TestSymlinkLocalFSFileSystem
[INFO] Running org.apache.hadoop.fs.TestHardLink
[INFO] Tests run: 5, Failures: 0, Errors: 0, Skipped: 0, Time elapsed: 0.107 s - in org.apache.hadoop.fs.TestHardLink
[INFO] Running org.apache.hadoop.fs.TestLocatedFileStatus
[INFO] Tests run: 1, Failures: 0, Errors: 0, Skipped: 0, Time elapsed: 0.241 s - in org.apache.hadoop.fs.TestLocatedFileStatus
[INFO] Running org.apache.hadoop.fs.TestDelegateToFileSystem
[INFO] Tests run: 2, Failures: 0, Errors: 0, Skipped: 0, Time elapsed: 0.116 s - in org.apache.hadoop.fs.TestDelegateToFileSystem
[INFO] Running org.apache.hadoop.fs.TestFileSystemInitialization
[INFO] Tests run: 3, Failures: 0, Errors: 0, Skipped: 0, Time elapsed: 0.171 s - in org.apache.hadoop.fs.TestFileSystemInitialization
[INFO] Running org.apache.hadoop.fs.TestDFVariations
[INFO] Tests run: 5, Failures: 0, Errors: 0, Skipped: 0, Time elapsed: 0.091 s - in org.apache.hadoop.fs.TestDFVariations
[INFO] Running org.apache.hadoop.fs.sftp.TestSFTPFileSystem
[INFO] Tests run: 13, Failures: 0, Errors: 0, Skipped: 0, Time elapsed: 1.119 s - in org.apache.hadoop.fs.sftp.TestSFTPFileSystem
[INFO] Running org.apache.hadoop.fs.TestLocalFsFCStatistics
[INFO] Tests run: 3, Failures: 0, Errors: 0, Skipped: 0, Time elapsed: 0.68 s - in org.apache.hadoop.fs.TestLocalFsFCStatistics
[INFO] Running org.apache.hadoop.fs.TestDU
[INFO] Tests run: 3, Failures: 0, Errors: 0, Skipped: 0, Time elapsed: 10.154 s - in org.apache.hadoop.fs.TestDU
[INFO] Running org.apache.hadoop.fs.TestFsUrlConnectionPath
[INFO] Tests run: 4, Failures: 0, Errors: 0, Skipped: 0, Time elapsed: 0.159 s - in org.apache.hadoop.fs.TestFsUrlConnectionPath
[INFO] Running org.apache.hadoop.fs.impl.TestFutureIO
[INFO] Tests run: 2, Failures: 0, Errors: 0, Skipped: 0, Time elapsed: 0.063 s - in org.apache.hadoop.fs.impl.TestFutureIO
[INFO] Running org.apache.hadoop.fs.impl.prefetch.TestExecutorServiceFuturePool
[INFO] Tests run: 4, Failures: 0, Errors: 0, Skipped: 0, Time elapsed: 0.093 s - in org.apache.hadoop.fs.impl.prefetch.TestExecutorServiceFuturePool
[INFO] Running org.apache.hadoop.fs.impl.prefetch.TestFilePosition
[INFO] Tests run: 5, Failures: 0, Errors: 0, Skipped: 0, Time elapsed: 0.103 s - in org.apache.hadoop.fs.impl.prefetch.TestFilePosition
[INFO] Running org.apache.hadoop.fs.impl.prefetch.TestBlockCache
[INFO] Tests run: 2, Failures: 0, Errors: 0, Skipped: 0, Time elapsed: 0.183 s - in org.apache.hadoop.fs.impl.prefetch.TestBlockCache
[INFO] Running org.apache.hadoop.fs.impl.prefetch.TestBlockOperations
[INFO] Tests run: 2, Failures: 0, Errors: 0, Skipped: 0, Time elapsed: 0.093 s - in org.apache.hadoop.fs.impl.prefetch.TestBlockOperations
[INFO] Running org.apache.hadoop.fs.impl.prefetch.TestBlockData
[INFO] Tests run: 2, Failures: 0, Errors: 0, Skipped: 0, Time elapsed: 0.089 s - in org.apache.hadoop.fs.impl.prefetch.TestBlockData
[INFO] Running org.apache.hadoop.fs.impl.prefetch.TestBoundedResourcePool
[INFO] Tests run: 3, Failures: 0, Errors: 0, Skipped: 0, Time elapsed: 0.092 s - in org.apache.hadoop.fs.impl.prefetch.TestBoundedResourcePool
[INFO] Running org.apache.hadoop.fs.impl.prefetch.TestBufferPool
[INFO] Tests run: 3, Failures: 0, Errors: 0, Skipped: 0, Time elapsed: 0.09 s - in org.apache.hadoop.fs.impl.prefetch.TestBufferPool
[INFO] Running org.apache.hadoop.fs.impl.prefetch.TestBufferData
[INFO] Tests run: 5, Failures: 0, Errors: 0, Skipped: 0, Time elapsed: 0.091 s - in org.apache.hadoop.fs.impl.prefetch.TestBufferData
[INFO] Running org.apache.hadoop.fs.impl.prefetch.TestRetryer
[INFO] Tests run: 2, Failures: 0, Errors: 0, Skipped: 0, Time elapsed: 0.099 s - in org.apache.hadoop.fs.impl.prefetch.TestRetryer
[INFO] Running org.apache.hadoop.fs.impl.prefetch.TestValidate
[INFO] Tests run: 15, Failures: 0, Errors: 0, Skipped: 0, Time elapsed: 0.105 s - in org.apache.hadoop.fs.impl.prefetch.TestValidate
[INFO] Running org.apache.hadoop.fs.store.TestFSBuilderSupport
[INFO] Tests run: 6, Failures: 0, Errors: 0, Skipped: 0, Time elapsed: 0.114 s - in org.apache.hadoop.fs.store.TestFSBuilderSupport
[INFO] Running org.apache.hadoop.fs.store.TestDataBlocks
[INFO] Tests run: 1, Failures: 0, Errors: 0, Skipped: 0, Time elapsed: 0.172 s - in org.apache.hadoop.fs.store.TestDataBlocks
[INFO] Running org.apache.hadoop.fs.store.TestEtagChecksum
[INFO] Tests run: 6, Failures: 0, Errors: 0, Skipped: 0, Time elapsed: 0.05 s - in org.apache.hadoop.fs.store.TestEtagChecksum
[INFO] Running org.apache.hadoop.fs.contract.ftp.TestFTPContractMkdir
[WARNING] Tests run: 8, Failures: 0, Errors: 0, Skipped: 8, Time elapsed: 0.129 s - in org.apache.hadoop.fs.contract.ftp.TestFTPContractMkdir
[INFO] Running org.apache.hadoop.fs.contract.ftp.TestFTPContractOpen
[WARNING] Tests run: 19, Failures: 0, Errors: 0, Skipped: 19, Time elapsed: 0.139 s - in org.apache.hadoop.fs.contract.ftp.TestFTPContractOpen
[INFO] Running org.apache.hadoop.fs.contract.ftp.TestFTPContractDelete
[WARNING] Tests run: 8, Failures: 0, Errors: 0, Skipped: 8, Time elapsed: 0.116 s - in org.apache.hadoop.fs.contract.ftp.TestFTPContractDelete
[INFO] Running org.apache.hadoop.fs.contract.ftp.TestFTPContractCreate
[WARNING] Tests run: 16, Failures: 0, Errors: 0, Skipped: 16, Time elapsed: 0.134 s - in org.apache.hadoop.fs.contract.ftp.TestFTPContractCreate
[INFO] Running org.apache.hadoop.fs.contract.ftp.TestFTPContractRename
[WARNING] Tests run: 10, Failures: 0, Errors: 0, Skipped: 10, Time elapsed: 0.117 s - in org.apache.hadoop.fs.contract.ftp.TestFTPContractRename
[INFO] Running org.apache.hadoop.fs.contract.localfs.TestLocalFSContractVectoredRead
[ERROR] Tests run: 1, Failures: 0, Errors: 1, Skipped: 0, Time elapsed: 0.029 s <<< FAILURE! - in org.apache.hadoop.fs.contract.localfs.TestLocalFSContractVectoredRead
[ERROR] initializationError(org.apache.hadoop.fs.contract.localfs.TestLocalFSContractVectoredRead)  Time elapsed: 0.003 s  <<< ERROR!
org.junit.runners.model.InvalidTestClassError: 
Invalid test class 'org.apache.hadoop.fs.contract.localfs.TestLocalFSContractVectoredRead':
  1. Test class should have exactly one public zero-argument constructor
	at org.junit.runners.ParentRunner.validate(ParentRunner.java:525)
	at org.junit.runners.ParentRunner.<init>(ParentRunner.java:92)
	at org.junit.runners.BlockJUnit4ClassRunner.<init>(BlockJUnit4ClassRunner.java:74)
	at edu.illinois.CTestJUnit4Runner.<init>(CTestJUnit4Runner.java:31)
	at java.base/jdk.internal.reflect.NativeConstructorAccessorImpl.newInstance0(Native Method)
	at java.base/jdk.internal.reflect.NativeConstructorAccessorImpl.newInstance(NativeConstructorAccessorImpl.java:62)
	at java.base/jdk.internal.reflect.DelegatingConstructorAccessorImpl.newInstance(DelegatingConstructorAccessorImpl.java:45)
	at java.base/java.lang.reflect.Constructor.newInstance(Constructor.java:490)
	at org.junit.internal.builders.AnnotatedBuilder.buildRunner(AnnotatedBuilder.java:104)
	at org.junit.internal.builders.AnnotatedBuilder.runnerForClass(AnnotatedBuilder.java:86)
	at org.junit.runners.model.RunnerBuilder.safeRunnerForClass(RunnerBuilder.java:70)
	at org.junit.internal.builders.AllDefaultPossibilitiesBuilder.runnerForClass(AllDefaultPossibilitiesBuilder.java:37)
	at org.junit.runners.model.RunnerBuilder.safeRunnerForClass(RunnerBuilder.java:70)
	at org.junit.internal.requests.ClassRequest.createRunner(ClassRequest.java:28)
	at org.junit.internal.requests.MemoizingRequest.getRunner(MemoizingRequest.java:19)
	at org.apache.maven.surefire.junit4.JUnit4Provider.execute(JUnit4Provider.java:362)
	at org.apache.maven.surefire.junit4.JUnit4Provider.executeWithRerun(JUnit4Provider.java:273)
	at org.apache.maven.surefire.junit4.JUnit4Provider.executeTestSet(JUnit4Provider.java:238)
	at org.apache.maven.surefire.junit4.JUnit4Provider.invoke(JUnit4Provider.java:159)
	at org.apache.maven.surefire.booter.ForkedBooter.invokeProviderInSameClassLoader(ForkedBooter.java:384)
	at org.apache.maven.surefire.booter.ForkedBooter.runSuitesInProcess(ForkedBooter.java:345)
	at org.apache.maven.surefire.booter.ForkedBooter.execute(ForkedBooter.java:126)
	at org.apache.maven.surefire.booter.ForkedBooter.main(ForkedBooter.java:418)

[INFO] Running org.apache.hadoop.fs.contract.localfs.TestLocalFSContractCreate
[INFO] Tests run: 17, Failures: 0, Errors: 0, Skipped: 0, Time elapsed: 0.316 s - in org.apache.hadoop.fs.contract.localfs.TestLocalFSContractCreate
[INFO] Running org.apache.hadoop.fs.contract.localfs.TestLocalFSContractStreamIOStatistics
[INFO] Tests run: 5, Failures: 0, Errors: 0, Skipped: 0, Time elapsed: 0.221 s - in org.apache.hadoop.fs.contract.localfs.TestLocalFSContractStreamIOStatistics
[INFO] Running org.apache.hadoop.fs.contract.localfs.TestLocalFSContractMkdir
[INFO] Tests run: 8, Failures: 0, Errors: 0, Skipped: 0, Time elapsed: 0.256 s - in org.apache.hadoop.fs.contract.localfs.TestLocalFSContractMkdir
[INFO] Running org.apache.hadoop.fs.contract.localfs.TestLocalFSContractContentSummary
[INFO] Tests run: 2, Failures: 0, Errors: 0, Skipped: 0, Time elapsed: 0.218 s - in org.apache.hadoop.fs.contract.localfs.TestLocalFSContractContentSummary
[INFO] Running org.apache.hadoop.fs.contract.localfs.TestLocalFSContractRename
[INFO] Tests run: 10, Failures: 0, Errors: 0, Skipped: 0, Time elapsed: 0.255 s - in org.apache.hadoop.fs.contract.localfs.TestLocalFSContractRename
[INFO] Running org.apache.hadoop.fs.contract.localfs.TestLocalFSContractSeek
[INFO] Tests run: 18, Failures: 0, Errors: 0, Skipped: 0, Time elapsed: 0.336 s - in org.apache.hadoop.fs.contract.localfs.TestLocalFSContractSeek
[INFO] Running org.apache.hadoop.fs.contract.localfs.TestLocalFSContractLoaded
[INFO] Tests run: 2, Failures: 0, Errors: 0, Skipped: 0, Time elapsed: 0.183 s - in org.apache.hadoop.fs.contract.localfs.TestLocalFSContractLoaded
[INFO] Running org.apache.hadoop.fs.contract.localfs.TestLocalFSContractDelete
[INFO] Tests run: 8, Failures: 0, Errors: 0, Skipped: 0, Time elapsed: 0.213 s - in org.apache.hadoop.fs.contract.localfs.TestLocalFSContractDelete
[INFO] Running org.apache.hadoop.fs.contract.localfs.TestLocalFSContractAppend
[WARNING] Tests run: 8, Failures: 0, Errors: 0, Skipped: 8, Time elapsed: 0.195 s - in org.apache.hadoop.fs.contract.localfs.TestLocalFSContractAppend
[INFO] Running org.apache.hadoop.fs.contract.localfs.TestLocalFSContractGetFileStatus
[INFO] Tests run: 20, Failures: 0, Errors: 0, Skipped: 0, Time elapsed: 0.472 s - in org.apache.hadoop.fs.contract.localfs.TestLocalFSContractGetFileStatus
[INFO] Running org.apache.hadoop.fs.contract.localfs.TestLocalFSContractOpen
[INFO] Tests run: 19, Failures: 0, Errors: 0, Skipped: 0, Time elapsed: 0.274 s - in org.apache.hadoop.fs.contract.localfs.TestLocalFSContractOpen
[INFO] Running org.apache.hadoop.fs.contract.localfs.TestLocalFSContractSetTimes
[INFO] Tests run: 1, Failures: 0, Errors: 0, Skipped: 0, Time elapsed: 0.159 s - in org.apache.hadoop.fs.contract.localfs.TestLocalFSContractSetTimes
[INFO] Running org.apache.hadoop.fs.contract.rawlocal.TestRawLocalContractUnderlyingFileBehavior
[INFO] Tests run: 1, Failures: 0, Errors: 0, Skipped: 0, Time elapsed: 0.088 s - in org.apache.hadoop.fs.contract.rawlocal.TestRawLocalContractUnderlyingFileBehavior
[INFO] Running org.apache.hadoop.fs.contract.rawlocal.TestRawlocalContractRename
[INFO] Tests run: 11, Failures: 0, Errors: 0, Skipped: 0, Time elapsed: 0.271 s - in org.apache.hadoop.fs.contract.rawlocal.TestRawlocalContractRename
[INFO] Running org.apache.hadoop.fs.contract.rawlocal.TestRawlocalContractAppend
[INFO] Tests run: 8, Failures: 0, Errors: 0, Skipped: 0, Time elapsed: 0.234 s - in org.apache.hadoop.fs.contract.rawlocal.TestRawlocalContractAppend
[INFO] Running org.apache.hadoop.fs.contract.rawlocal.TestRawlocalContractPathHandle
[WARNING] Tests run: 56, Failures: 0, Errors: 0, Skipped: 36, Time elapsed: 8.441 s - in org.apache.hadoop.fs.contract.rawlocal.TestRawlocalContractPathHandle
[INFO] Running org.apache.hadoop.fs.contract.rawlocal.TestRawlocalContractMkdir
[INFO] Tests run: 8, Failures: 0, Errors: 0, Skipped: 0, Time elapsed: 0.248 s - in org.apache.hadoop.fs.contract.rawlocal.TestRawlocalContractMkdir
[INFO] Running org.apache.hadoop.fs.contract.rawlocal.TestRawlocalContractGetFileStatus
[INFO] Tests run: 20, Failures: 0, Errors: 0, Skipped: 0, Time elapsed: 0.433 s - in org.apache.hadoop.fs.contract.rawlocal.TestRawlocalContractGetFileStatus
[INFO] Running org.apache.hadoop.fs.contract.rawlocal.TestRawlocalContractDelete
[INFO] Tests run: 8, Failures: 0, Errors: 0, Skipped: 0, Time elapsed: 0.215 s - in org.apache.hadoop.fs.contract.rawlocal.TestRawlocalContractDelete
[INFO] Running org.apache.hadoop.fs.contract.rawlocal.TestRawlocalContractCreate
[INFO] Tests run: 16, Failures: 0, Errors: 0, Skipped: 0, Time elapsed: 0.286 s - in org.apache.hadoop.fs.contract.rawlocal.TestRawlocalContractCreate
[INFO] Running org.apache.hadoop.fs.contract.rawlocal.TestRawLocalContractVectoredRead
[INFO] Tests run: 34, Failures: 0, Errors: 0, Skipped: 0, Time elapsed: 0.349 s - in org.apache.hadoop.fs.contract.rawlocal.TestRawLocalContractVectoredRead
[INFO] Running org.apache.hadoop.fs.contract.rawlocal.TestRawlocalContractOpen
[INFO] Tests run: 19, Failures: 0, Errors: 0, Skipped: 0, Time elapsed: 0.264 s - in org.apache.hadoop.fs.contract.rawlocal.TestRawlocalContractOpen
[INFO] Running org.apache.hadoop.fs.contract.rawlocal.TestRawlocalContractSeek
[INFO] Tests run: 18, Failures: 0, Errors: 0, Skipped: 0, Time elapsed: 0.289 s - in org.apache.hadoop.fs.contract.rawlocal.TestRawlocalContractSeek
[INFO] Running org.apache.hadoop.fs.contract.rawlocal.TestRawlocalContractSetTimes
[INFO] Tests run: 1, Failures: 0, Errors: 0, Skipped: 0, Time elapsed: 0.166 s - in org.apache.hadoop.fs.contract.rawlocal.TestRawlocalContractSetTimes
[INFO] Running org.apache.hadoop.fs.contract.sftp.TestSFTPContractSeek
[INFO] Tests run: 18, Failures: 0, Errors: 0, Skipped: 0, Time elapsed: 4.46 s - in org.apache.hadoop.fs.contract.sftp.TestSFTPContractSeek
[INFO] Running org.apache.hadoop.fs.TestListFiles
[INFO] Tests run: 2, Failures: 0, Errors: 0, Skipped: 0, Time elapsed: 0.2 s - in org.apache.hadoop.fs.TestListFiles
[INFO] Running org.apache.hadoop.fs.TestLocalFileSystem
[WARNING] Tests run: 29, Failures: 0, Errors: 0, Skipped: 1, Time elapsed: 0.812 s - in org.apache.hadoop.fs.TestLocalFileSystem
[INFO] Running org.apache.hadoop.fs.audit.TestCommonAuditContext
[INFO] Tests run: 8, Failures: 0, Errors: 0, Skipped: 0, Time elapsed: 0.111 s - in org.apache.hadoop.fs.audit.TestCommonAuditContext
[INFO] Running org.apache.hadoop.fs.TestFileStatus
[INFO] Tests run: 12, Failures: 0, Errors: 0, Skipped: 0, Time elapsed: 0.102 s - in org.apache.hadoop.fs.TestFileStatus
[INFO] Running org.apache.hadoop.fs.TestLocalDirAllocator
[INFO] Tests run: 45, Failures: 0, Errors: 0, Skipped: 0, Time elapsed: 0.367 s - in org.apache.hadoop.fs.TestLocalDirAllocator
[INFO] Running org.apache.hadoop.fs.TestDelegateToFsCheckPath
[INFO] Tests run: 2, Failures: 0, Errors: 0, Skipped: 0, Time elapsed: 0.113 s - in org.apache.hadoop.fs.TestDelegateToFsCheckPath
[INFO] Running org.apache.hadoop.fs.TestContentSummary
[INFO] Tests run: 15, Failures: 0, Errors: 0, Skipped: 0, Time elapsed: 0.224 s - in org.apache.hadoop.fs.TestContentSummary
[INFO] Running org.apache.hadoop.fs.TestFilterFs
[INFO] Tests run: 2, Failures: 0, Errors: 0, Skipped: 0, Time elapsed: 0.161 s - in org.apache.hadoop.fs.TestFilterFs
[INFO] Running org.apache.hadoop.fs.TestFileSystemStorageStatistics
[INFO] Tests run: 2, Failures: 0, Errors: 0, Skipped: 0, Time elapsed: 0.086 s - in org.apache.hadoop.fs.TestFileSystemStorageStatistics
[INFO] Running org.apache.hadoop.fs.TestFsShellList
[INFO] Tests run: 2, Failures: 0, Errors: 0, Skipped: 0, Time elapsed: 0.216 s - in org.apache.hadoop.fs.TestFsShellList
[INFO] Running org.apache.hadoop.fs.TestFileContext
[INFO] Tests run: 2, Failures: 0, Errors: 0, Skipped: 0, Time elapsed: 0.154 s - in org.apache.hadoop.fs.TestFileContext
[INFO] Running org.apache.hadoop.fs.TestDFCachingGetSpaceUsed
[INFO] Tests run: 1, Failures: 0, Errors: 0, Skipped: 0, Time elapsed: 0.097 s - in org.apache.hadoop.fs.TestDFCachingGetSpaceUsed
[INFO] Running org.apache.hadoop.fs.TestFsShell
[INFO] Tests run: 4, Failures: 0, Errors: 0, Skipped: 0, Time elapsed: 0.339 s - in org.apache.hadoop.fs.TestFsShell
[INFO] Running org.apache.hadoop.fs.TestFileUtil
[INFO] Tests run: 48, Failures: 0, Errors: 0, Skipped: 0, Time elapsed: 6.724 s - in org.apache.hadoop.fs.TestFileUtil
[INFO] Running org.apache.hadoop.fs.TestFileSystemCaching
[INFO] Tests run: 17, Failures: 0, Errors: 0, Skipped: 0, Time elapsed: 0.478 s - in org.apache.hadoop.fs.TestFileSystemCaching
[INFO] Running org.apache.hadoop.fs.TestBlockLocation
[INFO] Tests run: 2, Failures: 0, Errors: 0, Skipped: 0, Time elapsed: 0.062 s - in org.apache.hadoop.fs.TestBlockLocation
[INFO] Running org.apache.hadoop.fs.TestChecksumFileSystem
[INFO] Tests run: 11, Failures: 0, Errors: 0, Skipped: 0, Time elapsed: 0.258 s - in org.apache.hadoop.fs.TestChecksumFileSystem
[INFO] Running org.apache.hadoop.fs.TestHarFileSystem
[INFO] Tests run: 4, Failures: 0, Errors: 0, Skipped: 0, Time elapsed: 0.168 s - in org.apache.hadoop.fs.TestHarFileSystem
[INFO] Running org.apache.hadoop.fs.TestFSMainOperationsLocalFileSystem
[INFO] Tests run: 50, Failures: 0, Errors: 0, Skipped: 0, Time elapsed: 0.528 s - in org.apache.hadoop.fs.TestFSMainOperationsLocalFileSystem
[INFO] Running org.apache.hadoop.fs.TestHarFileSystemBasics
[INFO] Tests run: 12, Failures: 0, Errors: 0, Skipped: 0, Time elapsed: 1.374 s - in org.apache.hadoop.fs.TestHarFileSystemBasics
[INFO] Running org.apache.hadoop.fs.TestFileContextDeleteOnExit
[INFO] Tests run: 1, Failures: 0, Errors: 0, Skipped: 0, Time elapsed: 0.186 s - in org.apache.hadoop.fs.TestFileContextDeleteOnExit
[INFO] Running org.apache.hadoop.fs.shell.TestAclCommands
[INFO] Tests run: 7, Failures: 0, Errors: 0, Skipped: 0, Time elapsed: 0.195 s - in org.apache.hadoop.fs.shell.TestAclCommands
[INFO] Running org.apache.hadoop.fs.shell.TestCopy
[INFO] Tests run: 6, Failures: 0, Errors: 0, Skipped: 0, Time elapsed: 0.463 s - in org.apache.hadoop.fs.shell.TestCopy
[INFO] Running org.apache.hadoop.fs.shell.TestCount
[INFO] Tests run: 26, Failures: 0, Errors: 0, Skipped: 0, Time elapsed: 0.415 s - in org.apache.hadoop.fs.shell.TestCount
[INFO] Running org.apache.hadoop.fs.shell.TestXAttrCommands
[INFO] Tests run: 2, Failures: 0, Errors: 0, Skipped: 0, Time elapsed: 0.164 s - in org.apache.hadoop.fs.shell.TestXAttrCommands
[INFO] Running org.apache.hadoop.fs.shell.TestFsShellConcat
[INFO] Tests run: 2, Failures: 0, Errors: 0, Skipped: 0, Time elapsed: 0.526 s - in org.apache.hadoop.fs.shell.TestFsShellConcat
[INFO] Running org.apache.hadoop.fs.shell.TestCopyToLocal
[INFO] Tests run: 6, Failures: 0, Errors: 0, Skipped: 0, Time elapsed: 0.394 s - in org.apache.hadoop.fs.shell.TestCopyToLocal
[INFO] Running org.apache.hadoop.fs.shell.find.TestFilterExpression
[INFO] Tests run: 11, Failures: 0, Errors: 0, Skipped: 0, Time elapsed: 0.267 s - in org.apache.hadoop.fs.shell.find.TestFilterExpression
[INFO] Running org.apache.hadoop.fs.shell.find.TestPrint0
[INFO] Tests run: 1, Failures: 0, Errors: 0, Skipped: 0, Time elapsed: 0.427 s - in org.apache.hadoop.fs.shell.find.TestPrint0
[INFO] Running org.apache.hadoop.fs.shell.find.TestFind
[INFO] Tests run: 24, Failures: 0, Errors: 0, Skipped: 0, Time elapsed: 0.536 s - in org.apache.hadoop.fs.shell.find.TestFind
[INFO] Running org.apache.hadoop.fs.shell.find.TestResult
[INFO] Tests run: 18, Failures: 0, Errors: 0, Skipped: 0, Time elapsed: 0.06 s - in org.apache.hadoop.fs.shell.find.TestResult
[INFO] Running org.apache.hadoop.fs.shell.find.TestAnd
[INFO] Tests run: 10, Failures: 0, Errors: 0, Skipped: 0, Time elapsed: 0.236 s - in org.apache.hadoop.fs.shell.find.TestAnd
[INFO] Running org.apache.hadoop.fs.shell.find.TestIname
[INFO] Tests run: 6, Failures: 0, Errors: 0, Skipped: 0, Time elapsed: 0.416 s - in org.apache.hadoop.fs.shell.find.TestIname
[INFO] Running org.apache.hadoop.fs.shell.find.TestName
[INFO] Tests run: 6, Failures: 0, Errors: 0, Skipped: 0, Time elapsed: 0.401 s - in org.apache.hadoop.fs.shell.find.TestName
[INFO] Running org.apache.hadoop.fs.shell.find.TestPrint
[INFO] Tests run: 1, Failures: 0, Errors: 0, Skipped: 0, Time elapsed: 0.425 s - in org.apache.hadoop.fs.shell.find.TestPrint
[INFO] Running org.apache.hadoop.fs.shell.TestCpCommand
[INFO] Tests run: 6, Failures: 0, Errors: 0, Skipped: 0, Time elapsed: 0.433 s - in org.apache.hadoop.fs.shell.TestCpCommand
[INFO] Running org.apache.hadoop.fs.shell.TestLs
[INFO] Tests run: 36, Failures: 0, Errors: 0, Skipped: 0, Time elapsed: 0.494 s - in org.apache.hadoop.fs.shell.TestLs
[INFO] Running org.apache.hadoop.fs.shell.TestPathData
[WARNING] Tests run: 12, Failures: 0, Errors: 0, Skipped: 2, Time elapsed: 0.34 s - in org.apache.hadoop.fs.shell.TestPathData
[INFO] Running org.apache.hadoop.fs.shell.TestCopyFromLocal
[INFO] Tests run: 3, Failures: 0, Errors: 0, Skipped: 0, Time elapsed: 0.315 s - in org.apache.hadoop.fs.shell.TestCopyFromLocal
[INFO] Running org.apache.hadoop.fs.shell.TestCopyPreserveFlag
[ERROR] Tests run: 18, Failures: 1, Errors: 0, Skipped: 0, Time elapsed: 0.435 s <<< FAILURE! - in org.apache.hadoop.fs.shell.TestCopyPreserveFlag
[ERROR] testDirectoryCpWithP(org.apache.hadoop.fs.shell.TestCopyPreserveFlag)  Time elapsed: 0.18 s  <<< FAILURE!
java.lang.AssertionError: expected:<23456000> but was:<1700638107267>
	at org.junit.Assert.fail(Assert.java:89)
	at org.junit.Assert.failNotEquals(Assert.java:835)
	at org.junit.Assert.assertEquals(Assert.java:647)
	at org.junit.Assert.assertEquals(Assert.java:633)
	at org.apache.hadoop.fs.shell.TestCopyPreserveFlag.assertAttributesPreserved(TestCopyPreserveFlag.java:104)
	at org.apache.hadoop.fs.shell.TestCopyPreserveFlag.testDirectoryCpWithP(TestCopyPreserveFlag.java:229)
	at java.base/jdk.internal.reflect.NativeMethodAccessorImpl.invoke0(Native Method)
	at java.base/jdk.internal.reflect.NativeMethodAccessorImpl.invoke(NativeMethodAccessorImpl.java:62)
	at java.base/jdk.internal.reflect.DelegatingMethodAccessorImpl.invoke(DelegatingMethodAccessorImpl.java:43)
	at java.base/java.lang.reflect.Method.invoke(Method.java:566)
	at org.junit.runners.model.FrameworkMethod$1.runReflectiveCall(FrameworkMethod.java:59)
	at org.junit.internal.runners.model.ReflectiveCallable.run(ReflectiveCallable.java:12)
	at org.junit.runners.model.FrameworkMethod.invokeExplosively(FrameworkMethod.java:56)
	at org.junit.internal.runners.statements.InvokeMethod.evaluate(InvokeMethod.java:17)
	at org.junit.internal.runners.statements.FailOnTimeout$CallableStatement.call(FailOnTimeout.java:299)
	at org.junit.internal.runners.statements.FailOnTimeout$CallableStatement.call(FailOnTimeout.java:293)
	at java.base/java.util.concurrent.FutureTask.run(FutureTask.java:264)
	at java.base/java.lang.Thread.run(Thread.java:829)

[INFO] Running org.apache.hadoop.fs.shell.TestPathExceptions
[INFO] Tests run: 4, Failures: 0, Errors: 0, Skipped: 0, Time elapsed: 0.048 s - in org.apache.hadoop.fs.shell.TestPathExceptions
[INFO] Running org.apache.hadoop.fs.shell.TestCommandFactory
[INFO] Tests run: 2, Failures: 0, Errors: 0, Skipped: 0, Time elapsed: 0.084 s - in org.apache.hadoop.fs.shell.TestCommandFactory
[INFO] Running org.apache.hadoop.fs.shell.TestTail
[INFO] Tests run: 2, Failures: 0, Errors: 0, Skipped: 0, Time elapsed: 0.08 s - in org.apache.hadoop.fs.shell.TestTail
[INFO] Running org.apache.hadoop.fs.shell.TestTextCommand
[INFO] Tests run: 4, Failures: 0, Errors: 0, Skipped: 0, Time elapsed: 0.246 s - in org.apache.hadoop.fs.shell.TestTextCommand
[INFO] Running org.apache.hadoop.fs.shell.TestMove
[INFO] Tests run: 2, Failures: 0, Errors: 0, Skipped: 0, Time elapsed: 0.416 s - in org.apache.hadoop.fs.shell.TestMove
[INFO] Running org.apache.hadoop.fs.shell.TestPrintableString
[INFO] Tests run: 2, Failures: 0, Errors: 0, Skipped: 0, Time elapsed: 0.053 s - in org.apache.hadoop.fs.shell.TestPrintableString
[INFO] Running org.apache.hadoop.fs.TestTrash
[INFO] Tests run: 10, Failures: 0, Errors: 0, Skipped: 0, Time elapsed: 15.786 s - in org.apache.hadoop.fs.TestTrash
[INFO] Running org.apache.hadoop.fs.TestGetSpaceUsed
[INFO] Tests run: 4, Failures: 0, Errors: 0, Skipped: 0, Time elapsed: 0.112 s - in org.apache.hadoop.fs.TestGetSpaceUsed
[INFO] Running org.apache.hadoop.fs.TestFsShellCopy
[WARNING] Tests run: 21, Failures: 0, Errors: 0, Skipped: 4, Time elapsed: 0.456 s - in org.apache.hadoop.fs.TestFsShellCopy
[INFO] Running org.apache.hadoop.fs.TestFcLocalFsPermission
[INFO] Tests run: 4, Failures: 0, Errors: 0, Skipped: 0, Time elapsed: 0.19 s - in org.apache.hadoop.fs.TestFcLocalFsPermission
[INFO] Running org.apache.hadoop.fs.TestFileSystemTokens
[INFO] Tests run: 10, Failures: 0, Errors: 0, Skipped: 0, Time elapsed: 0.38 s - in org.apache.hadoop.fs.TestFileSystemTokens
[INFO] Running org.apache.hadoop.fs.TestStat
[INFO] Tests run: 5, Failures: 0, Errors: 0, Skipped: 0, Time elapsed: 0.18 s - in org.apache.hadoop.fs.TestStat
[INFO] Running org.apache.hadoop.fs.TestPath
[WARNING] Tests run: 23, Failures: 0, Errors: 0, Skipped: 3, Time elapsed: 0.277 s - in org.apache.hadoop.fs.TestPath
[INFO] Running org.apache.hadoop.fs.TestLocalFileSystemPermission
[INFO] Tests run: 4, Failures: 0, Errors: 0, Skipped: 0, Time elapsed: 0.221 s - in org.apache.hadoop.fs.TestLocalFileSystemPermission
[INFO] Running org.apache.hadoop.fs.TestRawLocalFileSystemContract
[WARNING] Tests run: 44, Failures: 0, Errors: 0, Skipped: 19, Time elapsed: 0.322 s - in org.apache.hadoop.fs.TestRawLocalFileSystemContract
[INFO] Running org.apache.hadoop.fs.TestCommandFormat
[INFO] Tests run: 10, Failures: 0, Errors: 0, Skipped: 0, Time elapsed: 0.05 s - in org.apache.hadoop.fs.TestCommandFormat
[INFO] Running org.apache.hadoop.net.TestTableMapping
[INFO] Tests run: 6, Failures: 0, Errors: 0, Skipped: 0, Time elapsed: 0.146 s - in org.apache.hadoop.net.TestTableMapping
[INFO] Running org.apache.hadoop.net.TestNetworkTopologyWithNodeGroup
[INFO] Tests run: 9, Failures: 0, Errors: 0, Skipped: 0, Time elapsed: 0.085 s - in org.apache.hadoop.net.TestNetworkTopologyWithNodeGroup
[INFO] Running org.apache.hadoop.net.unix.TestDomainSocketWatcher
[WARNING] Tests run: 6, Failures: 0, Errors: 0, Skipped: 6, Time elapsed: 0.083 s - in org.apache.hadoop.net.unix.TestDomainSocketWatcher
[INFO] Running org.apache.hadoop.net.unix.TestDomainSocket
[WARNING] Tests run: 17, Failures: 0, Errors: 0, Skipped: 17, Time elapsed: 0.09 s - in org.apache.hadoop.net.unix.TestDomainSocket
[INFO] Running org.apache.hadoop.net.TestMockDomainNameResolver
[INFO] Tests run: 2, Failures: 0, Errors: 0, Skipped: 0, Time elapsed: 0.109 s - in org.apache.hadoop.net.TestMockDomainNameResolver
[INFO] Running org.apache.hadoop.net.TestDNS
[INFO] Tests run: 12, Failures: 0, Errors: 0, Skipped: 0, Time elapsed: 2.405 s - in org.apache.hadoop.net.TestDNS
[INFO] Running org.apache.hadoop.net.TestSwitchMapping
[INFO] Tests run: 5, Failures: 0, Errors: 0, Skipped: 0, Time elapsed: 0.106 s - in org.apache.hadoop.net.TestSwitchMapping
[INFO] Running org.apache.hadoop.net.TestNetUtils
[INFO] Tests run: 47, Failures: 0, Errors: 0, Skipped: 0, Time elapsed: 6.028 s - in org.apache.hadoop.net.TestNetUtils
[INFO] Running org.apache.hadoop.net.TestStaticMapping
[INFO] Tests run: 8, Failures: 0, Errors: 0, Skipped: 0, Time elapsed: 2.683 s - in org.apache.hadoop.net.TestStaticMapping
[INFO] Running org.apache.hadoop.net.TestSocketIOWithTimeout
[INFO] Tests run: 4, Failures: 0, Errors: 0, Skipped: 0, Time elapsed: 10.179 s - in org.apache.hadoop.net.TestSocketIOWithTimeout
[INFO] Running org.apache.hadoop.net.TestScriptBasedMappingWithDependency
[INFO] Tests run: 4, Failures: 0, Errors: 0, Skipped: 0, Time elapsed: 0.717 s - in org.apache.hadoop.net.TestScriptBasedMappingWithDependency
[INFO] Running org.apache.hadoop.net.TestClusterTopology
[INFO] Tests run: 4, Failures: 0, Errors: 0, Skipped: 0, Time elapsed: 0.131 s - in org.apache.hadoop.net.TestClusterTopology
[INFO] Running org.apache.hadoop.net.TestScriptBasedMapping
[INFO] Tests run: 4, Failures: 0, Errors: 0, Skipped: 0, Time elapsed: 0.131 s - in org.apache.hadoop.net.TestScriptBasedMapping
[INFO] Running org.apache.hadoop.net.TestDNSDomainNameResolver
[INFO] Tests run: 1, Failures: 0, Errors: 0, Skipped: 0, Time elapsed: 0.079 s - in org.apache.hadoop.net.TestDNSDomainNameResolver
[INFO] Running org.apache.hadoop.cli.TestCLI
[INFO] Tests run: 1, Failures: 0, Errors: 0, Skipped: 0, Time elapsed: 0.202 s - in org.apache.hadoop.cli.TestCLI
[INFO] Running org.apache.hadoop.http.TestHttpRequestLog
[INFO] Tests run: 2, Failures: 0, Errors: 0, Skipped: 0, Time elapsed: 0.094 s - in org.apache.hadoop.http.TestHttpRequestLog
[INFO] Running org.apache.hadoop.http.TestHtmlQuoting
[INFO] Tests run: 4, Failures: 0, Errors: 0, Skipped: 0, Time elapsed: 0.206 s - in org.apache.hadoop.http.TestHtmlQuoting
[INFO] Running org.apache.hadoop.http.TestGlobalFilter
[INFO] Tests run: 1, Failures: 0, Errors: 0, Skipped: 0, Time elapsed: 0.299 s - in org.apache.hadoop.http.TestGlobalFilter
[INFO] Running org.apache.hadoop.http.TestHttpServerLogs
[INFO] Tests run: 2, Failures: 0, Errors: 0, Skipped: 0, Time elapsed: 0.286 s - in org.apache.hadoop.http.TestHttpServerLogs
[INFO] Running org.apache.hadoop.http.TestAuthenticationSessionCookie
[INFO] Tests run: 2, Failures: 0, Errors: 0, Skipped: 0, Time elapsed: 0.545 s - in org.apache.hadoop.http.TestAuthenticationSessionCookie
[INFO] Running org.apache.hadoop.http.TestHttpCookieFlag
[INFO] Tests run: 2, Failures: 0, Errors: 0, Skipped: 0, Time elapsed: 0.558 s - in org.apache.hadoop.http.TestHttpCookieFlag
[INFO] Running org.apache.hadoop.http.lib.TestStaticUserWebFilter
[INFO] Tests run: 3, Failures: 0, Errors: 0, Skipped: 0, Time elapsed: 0.279 s - in org.apache.hadoop.http.lib.TestStaticUserWebFilter
[INFO] Running org.apache.hadoop.http.TestServletFilter
[INFO] Tests run: 2, Failures: 0, Errors: 0, Skipped: 0, Time elapsed: 0.246 s - in org.apache.hadoop.http.TestServletFilter
[INFO] Running org.apache.hadoop.http.TestHttpServer
[INFO] Tests run: 26, Failures: 0, Errors: 0, Skipped: 0, Time elapsed: 1.447 s - in org.apache.hadoop.http.TestHttpServer
[INFO] Running org.apache.hadoop.http.TestHttpServerLifecycle
[INFO] Tests run: 7, Failures: 0, Errors: 0, Skipped: 0, Time elapsed: 0.284 s - in org.apache.hadoop.http.TestHttpServerLifecycle
[INFO] Running org.apache.hadoop.http.TestSSLHttpServer
[INFO] Tests run: 6, Failures: 0, Errors: 0, Skipped: 0, Time elapsed: 0.674 s - in org.apache.hadoop.http.TestSSLHttpServer
[INFO] Running org.apache.hadoop.http.TestIsActiveServlet
[INFO] Tests run: 2, Failures: 0, Errors: 0, Skipped: 0, Time elapsed: 0.224 s - in org.apache.hadoop.http.TestIsActiveServlet
[INFO] Running org.apache.hadoop.http.TestHttpServerWithSpnego
[INFO] Tests run: 1, Failures: 0, Errors: 0, Skipped: 0, Time elapsed: 1.543 s - in org.apache.hadoop.http.TestHttpServerWithSpnego
[INFO] Running org.apache.hadoop.http.TestHttpServerWebapps
[INFO] Tests run: 2, Failures: 0, Errors: 0, Skipped: 0, Time elapsed: 0.188 s - in org.apache.hadoop.http.TestHttpServerWebapps
[INFO] Running org.apache.hadoop.http.TestSSLHttpServerConfigs
[INFO] Tests run: 9, Failures: 0, Errors: 0, Skipped: 0, Time elapsed: 0.72 s - in org.apache.hadoop.http.TestSSLHttpServerConfigs
[INFO] Running org.apache.hadoop.http.TestHttpRequestLogAppender
[INFO] Tests run: 1, Failures: 0, Errors: 0, Skipped: 0, Time elapsed: 0.049 s - in org.apache.hadoop.http.TestHttpRequestLogAppender
[INFO] Running org.apache.hadoop.metrics2.sink.ganglia.TestGangliaSink
[INFO] Tests run: 4, Failures: 0, Errors: 0, Skipped: 0, Time elapsed: 0.102 s - in org.apache.hadoop.metrics2.sink.ganglia.TestGangliaSink
[INFO] Running org.apache.hadoop.metrics2.sink.TestRollingFileSystemSink
[INFO] Tests run: 4, Failures: 0, Errors: 0, Skipped: 0, Time elapsed: 0.202 s - in org.apache.hadoop.metrics2.sink.TestRollingFileSystemSink
[INFO] Running org.apache.hadoop.metrics2.sink.TestPrometheusMetricsSink
[INFO] Tests run: 8, Failures: 0, Errors: 0, Skipped: 0, Time elapsed: 0.189 s - in org.apache.hadoop.metrics2.sink.TestPrometheusMetricsSink
[INFO] Running org.apache.hadoop.metrics2.sink.TestFileSink
[INFO] Tests run: 1, Failures: 0, Errors: 0, Skipped: 0, Time elapsed: 0.179 s - in org.apache.hadoop.metrics2.sink.TestFileSink
[INFO] Running org.apache.hadoop.metrics2.sink.TestRollingFileSystemSinkWithLocal
[INFO] Tests run: 7, Failures: 0, Errors: 0, Skipped: 0, Time elapsed: 20.327 s - in org.apache.hadoop.metrics2.sink.TestRollingFileSystemSinkWithLocal
[INFO] Running org.apache.hadoop.metrics2.lib.TestMutableMetrics
[INFO] Tests run: 11, Failures: 0, Errors: 0, Skipped: 0, Time elapsed: 30.407 s - in org.apache.hadoop.metrics2.lib.TestMutableMetrics
[INFO] Running org.apache.hadoop.metrics2.lib.TestMetricsAnnotations
[INFO] Tests run: 9, Failures: 0, Errors: 0, Skipped: 0, Time elapsed: 0.23 s - in org.apache.hadoop.metrics2.lib.TestMetricsAnnotations
[INFO] Running org.apache.hadoop.metrics2.lib.TestInterns
[INFO] Tests run: 4, Failures: 0, Errors: 0, Skipped: 0, Time elapsed: 0.084 s - in org.apache.hadoop.metrics2.lib.TestInterns
[INFO] Running org.apache.hadoop.metrics2.lib.TestUniqNames
[INFO] Tests run: 2, Failures: 0, Errors: 0, Skipped: 0, Time elapsed: 0.052 s - in org.apache.hadoop.metrics2.lib.TestUniqNames
[INFO] Running org.apache.hadoop.metrics2.lib.TestMutableRollingAverages
[INFO] Tests run: 3, Failures: 0, Errors: 0, Skipped: 0, Time elapsed: 23.269 s - in org.apache.hadoop.metrics2.lib.TestMutableRollingAverages
[INFO] Running org.apache.hadoop.metrics2.lib.TestMetricsRegistry
[INFO] Tests run: 4, Failures: 0, Errors: 0, Skipped: 0, Time elapsed: 0.224 s - in org.apache.hadoop.metrics2.lib.TestMetricsRegistry
[INFO] Running org.apache.hadoop.metrics2.source.TestJvmMetrics
[INFO] Tests run: 10, Failures: 0, Errors: 0, Skipped: 0, Time elapsed: 2.468 s - in org.apache.hadoop.metrics2.source.TestJvmMetrics
[INFO] Running org.apache.hadoop.metrics2.impl.TestGraphiteMetrics
[INFO] Tests run: 5, Failures: 0, Errors: 0, Skipped: 0, Time elapsed: 0.221 s - in org.apache.hadoop.metrics2.impl.TestGraphiteMetrics
[INFO] Running org.apache.hadoop.metrics2.impl.TestMetricsCollectorImpl
[INFO] Tests run: 2, Failures: 0, Errors: 0, Skipped: 0, Time elapsed: 0.104 s - in org.apache.hadoop.metrics2.impl.TestMetricsCollectorImpl
[INFO] Running org.apache.hadoop.metrics2.impl.TestSinkQueue
[INFO] Tests run: 8, Failures: 0, Errors: 0, Skipped: 0, Time elapsed: 0.334 s - in org.apache.hadoop.metrics2.impl.TestSinkQueue
[INFO] Running org.apache.hadoop.metrics2.impl.TestMetricsSystemImpl
[INFO] Tests run: 14, Failures: 0, Errors: 0, Skipped: 0, Time elapsed: 1.357 s - in org.apache.hadoop.metrics2.impl.TestMetricsSystemImpl
[INFO] Running org.apache.hadoop.metrics2.impl.TestMetricsVisitor
[INFO] Tests run: 1, Failures: 0, Errors: 0, Skipped: 0, Time elapsed: 0.186 s - in org.apache.hadoop.metrics2.impl.TestMetricsVisitor
[INFO] Running org.apache.hadoop.metrics2.impl.TestMetricsConfig
[INFO] Tests run: 4, Failures: 0, Errors: 0, Skipped: 0, Time elapsed: 0.117 s - in org.apache.hadoop.metrics2.impl.TestMetricsConfig
[INFO] Running org.apache.hadoop.metrics2.impl.TestMetricsSourceAdapter
[INFO] Tests run: 3, Failures: 0, Errors: 0, Skipped: 0, Time elapsed: 11.313 s - in org.apache.hadoop.metrics2.impl.TestMetricsSourceAdapter
[INFO] Running org.apache.hadoop.metrics2.impl.TestGangliaMetrics
[INFO] Tests run: 2, Failures: 0, Errors: 0, Skipped: 0, Time elapsed: 0.166 s - in org.apache.hadoop.metrics2.impl.TestGangliaMetrics
[INFO] Running org.apache.hadoop.metrics2.impl.TestStatsDMetrics
[INFO] Tests run: 2, Failures: 0, Errors: 0, Skipped: 0, Time elapsed: 0.212 s - in org.apache.hadoop.metrics2.impl.TestStatsDMetrics
[INFO] Running org.apache.hadoop.metrics2.util.TestSampleQuantiles
[INFO] Tests run: 3, Failures: 0, Errors: 0, Skipped: 0, Time elapsed: 0.227 s - in org.apache.hadoop.metrics2.util.TestSampleQuantiles
[INFO] Running org.apache.hadoop.metrics2.util.TestMBeans
[INFO] Tests run: 3, Failures: 0, Errors: 0, Skipped: 0, Time elapsed: 0.116 s - in org.apache.hadoop.metrics2.util.TestMBeans
[INFO] Running org.apache.hadoop.metrics2.util.TestSampleStat
[INFO] Tests run: 1, Failures: 0, Errors: 0, Skipped: 0, Time elapsed: 0.046 s - in org.apache.hadoop.metrics2.util.TestSampleStat
[INFO] Running org.apache.hadoop.metrics2.util.TestMetricsCache
[INFO] Tests run: 4, Failures: 0, Errors: 0, Skipped: 0, Time elapsed: 0.35 s - in org.apache.hadoop.metrics2.util.TestMetricsCache
[INFO] Running org.apache.hadoop.metrics2.filter.TestPatternFilter
[INFO] Tests run: 5, Failures: 0, Errors: 0, Skipped: 0, Time elapsed: 0.241 s - in org.apache.hadoop.metrics2.filter.TestPatternFilter
[INFO] Running org.apache.hadoop.crypto.random.TestOpensslSecureRandom
[INFO] Tests run: 5, Failures: 0, Errors: 0, Skipped: 0, Time elapsed: 0.1 s - in org.apache.hadoop.crypto.random.TestOpensslSecureRandom
[INFO] Running org.apache.hadoop.crypto.random.TestOsSecureRandom
[INFO] Tests run: 6, Failures: 0, Errors: 0, Skipped: 0, Time elapsed: 0.129 s - in org.apache.hadoop.crypto.random.TestOsSecureRandom
[INFO] Running org.apache.hadoop.crypto.TestCryptoOutputStreamClosing
[INFO] Tests run: 3, Failures: 0, Errors: 0, Skipped: 0, Time elapsed: 0.284 s - in org.apache.hadoop.crypto.TestCryptoOutputStreamClosing
[INFO] Running org.apache.hadoop.crypto.TestCryptoStreams
[INFO] Tests run: 19, Failures: 0, Errors: 0, Skipped: 0, Time elapsed: 0.518 s - in org.apache.hadoop.crypto.TestCryptoStreams
[INFO] Running org.apache.hadoop.crypto.TestCryptoStreamsNormal
[WARNING] Tests run: 18, Failures: 0, Errors: 0, Skipped: 12, Time elapsed: 0.307 s - in org.apache.hadoop.crypto.TestCryptoStreamsNormal
[INFO] Running org.apache.hadoop.crypto.TestOpensslCipher
[WARNING] Tests run: 3, Failures: 0, Errors: 0, Skipped: 3, Time elapsed: 0.082 s - in org.apache.hadoop.crypto.TestOpensslCipher
[INFO] Running org.apache.hadoop.crypto.TestCryptoCodec
[WARNING] Tests run: 3, Failures: 0, Errors: 0, Skipped: 2, Time elapsed: 5.956 s - in org.apache.hadoop.crypto.TestCryptoCodec
[INFO] Running org.apache.hadoop.crypto.TestCryptoStreamsWithJceAesCtrCryptoCodec
[INFO] Tests run: 19, Failures: 0, Errors: 0, Skipped: 0, Time elapsed: 0.515 s - in org.apache.hadoop.crypto.TestCryptoStreamsWithJceAesCtrCryptoCodec
[INFO] Running org.apache.hadoop.crypto.TestCryptoStreamsForLocalFS
[WARNING] Tests run: 18, Failures: 0, Errors: 0, Skipped: 9, Time elapsed: 0.512 s - in org.apache.hadoop.crypto.TestCryptoStreamsForLocalFS
[INFO] Running org.apache.hadoop.crypto.key.TestKeyProviderDelegationTokenExtension
[INFO] Tests run: 1, Failures: 0, Errors: 0, Skipped: 0, Time elapsed: 0.296 s - in org.apache.hadoop.crypto.key.TestKeyProviderDelegationTokenExtension
[INFO] Running org.apache.hadoop.crypto.key.TestValueQueue
[INFO] Tests run: 8, Failures: 0, Errors: 0, Skipped: 0, Time elapsed: 11.412 s - in org.apache.hadoop.crypto.key.TestValueQueue
[INFO] Running org.apache.hadoop.crypto.key.TestKeyProvider
[INFO] Tests run: 9, Failures: 0, Errors: 0, Skipped: 0, Time elapsed: 0.147 s - in org.apache.hadoop.crypto.key.TestKeyProvider
[INFO] Running org.apache.hadoop.crypto.key.kms.TestKMSClientProvider
[INFO] Tests run: 5, Failures: 0, Errors: 0, Skipped: 0, Time elapsed: 0.501 s - in org.apache.hadoop.crypto.key.kms.TestKMSClientProvider
[INFO] Running org.apache.hadoop.crypto.key.kms.TestLoadBalancingKMSClientProvider
[INFO] Tests run: 25, Failures: 0, Errors: 0, Skipped: 0, Time elapsed: 10.416 s - in org.apache.hadoop.crypto.key.kms.TestLoadBalancingKMSClientProvider
[INFO] Running org.apache.hadoop.crypto.key.TestCachingKeyProvider
[INFO] Tests run: 5, Failures: 0, Errors: 0, Skipped: 0, Time elapsed: 1.901 s - in org.apache.hadoop.crypto.key.TestCachingKeyProvider
[INFO] Running org.apache.hadoop.crypto.key.TestKeyProviderFactory
[INFO] Tests run: 8, Failures: 0, Errors: 0, Skipped: 0, Time elapsed: 1.743 s - in org.apache.hadoop.crypto.key.TestKeyProviderFactory
[INFO] Running org.apache.hadoop.crypto.key.TestKeyProviderCryptoExtension
[INFO] Tests run: 7, Failures: 0, Errors: 0, Skipped: 0, Time elapsed: 0.201 s - in org.apache.hadoop.crypto.key.TestKeyProviderCryptoExtension
[INFO] Running org.apache.hadoop.crypto.key.TestKeyShell
[INFO] Tests run: 10, Failures: 0, Errors: 0, Skipped: 0, Time elapsed: 1.657 s - in org.apache.hadoop.crypto.key.TestKeyShell
[INFO] Running org.apache.hadoop.crypto.TestCryptoStreamsWithOpensslAesCtrCryptoCodec
[WARNING] Tests run: 1, Failures: 0, Errors: 0, Skipped: 1, Time elapsed: 0.078 s - in org.apache.hadoop.crypto.TestCryptoStreamsWithOpensslAesCtrCryptoCodec
[INFO] Running org.apache.hadoop.jmx.TestJMXJsonServlet
[INFO] Tests run: 2, Failures: 0, Errors: 0, Skipped: 0, Time elapsed: 0.378 s - in org.apache.hadoop.jmx.TestJMXJsonServlet
[INFO] Running org.apache.hadoop.conf.TestConfServlet
[INFO] Tests run: 5, Failures: 0, Errors: 0, Skipped: 0, Time elapsed: 0.391 s - in org.apache.hadoop.conf.TestConfServlet
[INFO] Running org.apache.hadoop.conf.TestDeprecatedKeys
[INFO] Tests run: 3, Failures: 0, Errors: 0, Skipped: 0, Time elapsed: 0.161 s - in org.apache.hadoop.conf.TestDeprecatedKeys
[INFO] Running org.apache.hadoop.conf.TestConfigRedactor
[INFO] Tests run: 2, Failures: 0, Errors: 0, Skipped: 0, Time elapsed: 0.111 s - in org.apache.hadoop.conf.TestConfigRedactor
[INFO] Running org.apache.hadoop.conf.TestConfiguration
[INFO] Running org.apache.hadoop.conf.TestGetInstances
[INFO] Tests run: 1, Failures: 0, Errors: 0, Skipped: 0, Time elapsed: 0.111 s - in org.apache.hadoop.conf.TestGetInstances
[INFO] Running org.apache.hadoop.conf.TestStorageUnit
[INFO] Tests run: 13, Failures: 0, Errors: 0, Skipped: 0, Time elapsed: 0.051 s - in org.apache.hadoop.conf.TestStorageUnit
[INFO] Running org.apache.hadoop.conf.TestReconfiguration
[INFO] Tests run: 9, Failures: 0, Errors: 0, Skipped: 0, Time elapsed: 2.559 s - in org.apache.hadoop.conf.TestReconfiguration
[INFO] Running org.apache.hadoop.conf.TestConfigurationSubclass
[INFO] Tests run: 3, Failures: 0, Errors: 0, Skipped: 0, Time elapsed: 0.112 s - in org.apache.hadoop.conf.TestConfigurationSubclass
[INFO] Running org.apache.hadoop.conf.TestCommonConfigurationFields
[INFO] Tests run: 4, Failures: 0, Errors: 0, Skipped: 0, Time elapsed: 0.131 s - in org.apache.hadoop.conf.TestCommonConfigurationFields
[INFO] Running org.apache.hadoop.conf.TestConfigurationDeprecation
[INFO] Tests run: 10, Failures: 0, Errors: 0, Skipped: 0, Time elapsed: 3.07 s - in org.apache.hadoop.conf.TestConfigurationDeprecation
[INFO] Running org.apache.hadoop.service.TestGlobalStateChangeListener
[INFO] Tests run: 5, Failures: 0, Errors: 0, Skipped: 0, Time elapsed: 0.088 s - in org.apache.hadoop.service.TestGlobalStateChangeListener
[INFO] Running org.apache.hadoop.service.launcher.TestServiceLauncherCreationFailures
[INFO] Tests run: 8, Failures: 0, Errors: 0, Skipped: 0, Time elapsed: 0.135 s - in org.apache.hadoop.service.launcher.TestServiceLauncherCreationFailures
[INFO] Running org.apache.hadoop.service.launcher.TestServiceConf
[INFO] Tests run: 8, Failures: 0, Errors: 0, Skipped: 0, Time elapsed: 0.518 s - in org.apache.hadoop.service.launcher.TestServiceConf
[INFO] Running org.apache.hadoop.service.launcher.TestServiceLauncher
[INFO] Tests run: 22, Failures: 0, Errors: 0, Skipped: 0, Time elapsed: 0.651 s - in org.apache.hadoop.service.launcher.TestServiceLauncher
[INFO] Running org.apache.hadoop.service.launcher.TestServiceLauncherInnerMethods
[INFO] Tests run: 6, Failures: 0, Errors: 0, Skipped: 0, Time elapsed: 0.223 s - in org.apache.hadoop.service.launcher.TestServiceLauncherInnerMethods
[INFO] Running org.apache.hadoop.service.launcher.TestServiceInterruptHandling
[INFO] Tests run: 3, Failures: 0, Errors: 0, Skipped: 0, Time elapsed: 1.091 s - in org.apache.hadoop.service.launcher.TestServiceInterruptHandling
[INFO] Running org.apache.hadoop.service.TestServiceOperations
[INFO] Tests run: 1, Failures: 0, Errors: 0, Skipped: 0, Time elapsed: 0.218 s - in org.apache.hadoop.service.TestServiceOperations
[INFO] Running org.apache.hadoop.service.TestServiceLifecycle
[INFO] Tests run: 18, Failures: 0, Errors: 0, Skipped: 0, Time elapsed: 2.119 s - in org.apache.hadoop.service.TestServiceLifecycle
[INFO] Running org.apache.hadoop.service.TestCompositeService
[INFO] Tests run: 42, Failures: 0, Errors: 0, Skipped: 0, Time elapsed: 0.116 s - in org.apache.hadoop.service.TestCompositeService
[INFO] Running org.apache.hadoop.ha.TestZKFailoverControllerStress
[INFO] Tests run: 3, Failures: 0, Errors: 0, Skipped: 0, Time elapsed: 101.726 s - in org.apache.hadoop.ha.TestZKFailoverControllerStress
[INFO] Running org.apache.hadoop.ha.TestZKFailoverController
[INFO] Tests run: 22, Failures: 0, Errors: 0, Skipped: 0, Time elapsed: 65.056 s - in org.apache.hadoop.ha.TestZKFailoverController
[INFO] Running org.apache.hadoop.ha.TestActiveStandbyElectorRealZK
[INFO] Tests run: 5, Failures: 0, Errors: 0, Skipped: 0, Time elapsed: 10.297 s - in org.apache.hadoop.ha.TestActiveStandbyElectorRealZK
[INFO] Running org.apache.hadoop.ha.TestActiveStandbyElector
[INFO] Tests run: 24, Failures: 0, Errors: 0, Skipped: 0, Time elapsed: 2.331 s - in org.apache.hadoop.ha.TestActiveStandbyElector
[INFO] Running org.apache.hadoop.ha.TestHealthMonitorWithDedicatedHealthAddress
[INFO] Tests run: 3, Failures: 0, Errors: 0, Skipped: 0, Time elapsed: 1.059 s - in org.apache.hadoop.ha.TestHealthMonitorWithDedicatedHealthAddress
[INFO] Running org.apache.hadoop.ha.TestFailoverController
[INFO] Tests run: 17, Failures: 0, Errors: 0, Skipped: 0, Time elapsed: 2.928 s - in org.apache.hadoop.ha.TestFailoverController
[INFO] Running org.apache.hadoop.ha.TestShellCommandFencer
[INFO] Tests run: 10, Failures: 0, Errors: 0, Skipped: 0, Time elapsed: 4.211 s - in org.apache.hadoop.ha.TestShellCommandFencer
[INFO] Running org.apache.hadoop.ha.TestHAAdmin
[INFO] Tests run: 2, Failures: 0, Errors: 0, Skipped: 0, Time elapsed: 0.111 s - in org.apache.hadoop.ha.TestHAAdmin
[INFO] Running org.apache.hadoop.ha.TestHealthMonitor
[INFO] Tests run: 3, Failures: 0, Errors: 0, Skipped: 0, Time elapsed: 1.053 s - in org.apache.hadoop.ha.TestHealthMonitor
[INFO] Running org.apache.hadoop.ha.TestSshFenceByTcpPort
[WARNING] Tests run: 4, Failures: 0, Errors: 0, Skipped: 1, Time elapsed: 3.779 s - in org.apache.hadoop.ha.TestSshFenceByTcpPort
[INFO] Running org.apache.hadoop.ha.TestNodeFencer
[INFO] Tests run: 9, Failures: 0, Errors: 0, Skipped: 0, Time elapsed: 0.612 s - in org.apache.hadoop.ha.TestNodeFencer
[INFO] Running org.apache.hadoop.ipc.TestIPCServerResponder
[INFO] Tests run: 3, Failures: 0, Errors: 0, Skipped: 0, Time elapsed: 7.391 s - in org.apache.hadoop.ipc.TestIPCServerResponder
[INFO] Running org.apache.hadoop.ipc.TestMiniRPCBenchmark
[INFO] Tests run: 1, Failures: 0, Errors: 0, Skipped: 0, Time elapsed: 0.216 s - in org.apache.hadoop.ipc.TestMiniRPCBenchmark
[INFO] Running org.apache.hadoop.ipc.TestResponseBuffer
[INFO] Tests run: 1, Failures: 0, Errors: 0, Skipped: 0, Time elapsed: 0.046 s - in org.apache.hadoop.ipc.TestResponseBuffer
[INFO] Running org.apache.hadoop.ipc.TestRpcWritable
[INFO] Tests run: 4, Failures: 0, Errors: 0, Skipped: 0, Time elapsed: 0.1 s - in org.apache.hadoop.ipc.TestRpcWritable
[INFO] Running org.apache.hadoop.ipc.TestProtoBufRPCCompatibility
[INFO] Tests run: 1, Failures: 0, Errors: 0, Skipped: 0, Time elapsed: 0.213 s - in org.apache.hadoop.ipc.TestProtoBufRPCCompatibility
[INFO] Running org.apache.hadoop.ipc.TestProcessingDetails
[INFO] Tests run: 2, Failures: 0, Errors: 0, Skipped: 0, Time elapsed: 0.079 s - in org.apache.hadoop.ipc.TestProcessingDetails
[INFO] Running org.apache.hadoop.ipc.TestMultipleProtocolServer
[INFO] Tests run: 1, Failures: 0, Errors: 0, Skipped: 0, Time elapsed: 0.24 s - in org.apache.hadoop.ipc.TestMultipleProtocolServer
[INFO] Running org.apache.hadoop.ipc.TestRPC
[INFO] Tests run: 32, Failures: 0, Errors: 0, Skipped: 0, Time elapsed: 32.951 s - in org.apache.hadoop.ipc.TestRPC
[INFO] Running org.apache.hadoop.ipc.TestWeightedRoundRobinMultiplexer
[INFO] Tests run: 6, Failures: 0, Errors: 0, Skipped: 0, Time elapsed: 0.139 s - in org.apache.hadoop.ipc.TestWeightedRoundRobinMultiplexer
[INFO] Running org.apache.hadoop.ipc.TestSaslRPC
[INFO] Tests run: 95, Failures: 0, Errors: 0, Skipped: 0, Time elapsed: 6.85 s - in org.apache.hadoop.ipc.TestSaslRPC
[INFO] Running org.apache.hadoop.ipc.TestIdentityProviders
[INFO] Tests run: 2, Failures: 0, Errors: 0, Skipped: 0, Time elapsed: 0.157 s - in org.apache.hadoop.ipc.TestIdentityProviders
[INFO] Running org.apache.hadoop.ipc.TestRPCCallBenchmark
[INFO] Tests run: 1, Failures: 0, Errors: 0, Skipped: 0, Time elapsed: 5.207 s - in org.apache.hadoop.ipc.TestRPCCallBenchmark
[INFO] Running org.apache.hadoop.ipc.TestWeightedTimeCostProvider
[INFO] Tests run: 3, Failures: 0, Errors: 0, Skipped: 0, Time elapsed: 0.108 s - in org.apache.hadoop.ipc.TestWeightedTimeCostProvider
[INFO] Running org.apache.hadoop.ipc.TestSocketFactory
[INFO] Tests run: 4, Failures: 0, Errors: 0, Skipped: 0, Time elapsed: 0.164 s - in org.apache.hadoop.ipc.TestSocketFactory
[INFO] Running org.apache.hadoop.ipc.TestRPCServerShutdown
[INFO] Tests run: 1, Failures: 0, Errors: 0, Skipped: 0, Time elapsed: 0.308 s - in org.apache.hadoop.ipc.TestRPCServerShutdown
[INFO] Running org.apache.hadoop.ipc.metrics.TestRpcMetrics
[INFO] Tests run: 1, Failures: 0, Errors: 0, Skipped: 0, Time elapsed: 0.158 s - in org.apache.hadoop.ipc.metrics.TestRpcMetrics
[INFO] Running org.apache.hadoop.ipc.metrics.TestDecayRpcSchedulerDetailedMetrics
[INFO] Tests run: 1, Failures: 0, Errors: 0, Skipped: 0, Time elapsed: 0.205 s - in org.apache.hadoop.ipc.metrics.TestDecayRpcSchedulerDetailedMetrics
[INFO] Running org.apache.hadoop.ipc.TestFairCallQueue
[INFO] Tests run: 28, Failures: 0, Errors: 0, Skipped: 0, Time elapsed: 0.469 s - in org.apache.hadoop.ipc.TestFairCallQueue
[INFO] Running org.apache.hadoop.ipc.TestRetryCacheMetrics
[INFO] Tests run: 1, Failures: 0, Errors: 0, Skipped: 0, Time elapsed: 0.248 s - in org.apache.hadoop.ipc.TestRetryCacheMetrics
[INFO] Running org.apache.hadoop.ipc.TestRpcServerHandoff
[INFO] Tests run: 2, Failures: 0, Errors: 0, Skipped: 0, Time elapsed: 6.233 s - in org.apache.hadoop.ipc.TestRpcServerHandoff
[INFO] Running org.apache.hadoop.ipc.TestServer
[INFO] Tests run: 8, Failures: 0, Errors: 0, Skipped: 0, Time elapsed: 0.326 s - in org.apache.hadoop.ipc.TestServer
[INFO] Running org.apache.hadoop.ipc.TestRPCCompatibility
[INFO] Tests run: 1, Failures: 0, Errors: 0, Skipped: 0, Time elapsed: 0.106 s - in org.apache.hadoop.ipc.TestRPCCompatibility
[INFO] Running org.apache.hadoop.ipc.TestIPC
[ERROR] Tests run: 44, Failures: 2, Errors: 0, Skipped: 0, Time elapsed: 88.722 s <<< FAILURE! - in org.apache.hadoop.ipc.TestIPC
[ERROR] testUserBinding(org.apache.hadoop.ipc.TestIPC)  Time elapsed: 0.053 s  <<< FAILURE!
Wanted but not invoked:
socket.bind(DovelyW-1/127.0.1.1:0);
-> at org.apache.hadoop.ipc.TestIPC.checkUserBinding(TestIPC.java:1745)

However, there were exactly 5 interactions with this mock:
socket.setTcpNoDelay(true);
-> at org.apache.hadoop.ipc.Client$Connection.setupConnection(Client.java:610)

socket.setKeepAlive(true);
-> at org.apache.hadoop.ipc.Client$Connection.setupConnection(Client.java:611)

socket.getChannel();
-> at org.apache.hadoop.net.NetUtils.connect(NetUtils.java:584)

socket.connect(0.0.0.0/0.0.0.0:0, 20000);
-> at org.apache.hadoop.net.NetUtils.connect(NetUtils.java:598)

socket.close();
-> at org.apache.hadoop.ipc.Client$Connection.closeConnection(Client.java:882)


	at org.apache.hadoop.ipc.TestIPC.checkUserBinding(TestIPC.java:1745)
	at org.apache.hadoop.ipc.TestIPC.testUserBinding(TestIPC.java:1724)
	at java.base/jdk.internal.reflect.NativeMethodAccessorImpl.invoke0(Native Method)
	at java.base/jdk.internal.reflect.NativeMethodAccessorImpl.invoke(NativeMethodAccessorImpl.java:62)
	at java.base/jdk.internal.reflect.DelegatingMethodAccessorImpl.invoke(DelegatingMethodAccessorImpl.java:43)
	at java.base/java.lang.reflect.Method.invoke(Method.java:566)
	at org.junit.runners.model.FrameworkMethod$1.runReflectiveCall(FrameworkMethod.java:59)
	at org.junit.internal.runners.model.ReflectiveCallable.run(ReflectiveCallable.java:12)
	at org.junit.runners.model.FrameworkMethod.invokeExplosively(FrameworkMethod.java:56)
	at org.junit.internal.runners.statements.InvokeMethod.evaluate(InvokeMethod.java:17)
	at org.junit.internal.runners.statements.RunBefores.evaluate(RunBefores.java:26)
	at org.junit.runners.ParentRunner$3.evaluate(ParentRunner.java:306)
	at org.junit.runners.BlockJUnit4ClassRunner$1.evaluate(BlockJUnit4ClassRunner.java:100)
	at org.junit.runners.ParentRunner.runLeaf(ParentRunner.java:366)
	at org.junit.runners.BlockJUnit4ClassRunner.runChild(BlockJUnit4ClassRunner.java:103)
	at org.junit.runners.BlockJUnit4ClassRunner.runChild(BlockJUnit4ClassRunner.java:63)
	at org.junit.runners.ParentRunner$4.run(ParentRunner.java:331)
	at org.junit.runners.ParentRunner$1.schedule(ParentRunner.java:79)
	at org.junit.runners.ParentRunner.runChildren(ParentRunner.java:329)
	at org.junit.runners.ParentRunner.access$100(ParentRunner.java:66)
	at org.junit.runners.ParentRunner$2.evaluate(ParentRunner.java:293)
	at org.junit.runners.ParentRunner$3.evaluate(ParentRunner.java:306)
	at org.junit.runners.ParentRunner.run(ParentRunner.java:413)
	at org.apache.maven.surefire.junit4.JUnit4Provider.execute(JUnit4Provider.java:365)
	at org.apache.maven.surefire.junit4.JUnit4Provider.executeWithRerun(JUnit4Provider.java:273)
	at org.apache.maven.surefire.junit4.JUnit4Provider.executeTestSet(JUnit4Provider.java:238)
	at org.apache.maven.surefire.junit4.JUnit4Provider.invoke(JUnit4Provider.java:159)
	at org.apache.maven.surefire.booter.ForkedBooter.invokeProviderInSameClassLoader(ForkedBooter.java:384)
	at org.apache.maven.surefire.booter.ForkedBooter.runSuitesInProcess(ForkedBooter.java:345)
	at org.apache.maven.surefire.booter.ForkedBooter.execute(ForkedBooter.java:126)
	at org.apache.maven.surefire.booter.ForkedBooter.main(ForkedBooter.java:418)

[ERROR] testProxyUserBinding(org.apache.hadoop.ipc.TestIPC)  Time elapsed: 0.005 s  <<< FAILURE!
Wanted but not invoked:
socket.bind(DovelyW-1/127.0.1.1:0);
-> at org.apache.hadoop.ipc.TestIPC.checkUserBinding(TestIPC.java:1745)

However, there were exactly 5 interactions with this mock:
socket.setTcpNoDelay(true);
-> at org.apache.hadoop.ipc.Client$Connection.setupConnection(Client.java:610)

socket.setKeepAlive(true);
-> at org.apache.hadoop.ipc.Client$Connection.setupConnection(Client.java:611)

socket.getChannel();
-> at org.apache.hadoop.net.NetUtils.connect(NetUtils.java:584)

socket.connect(0.0.0.0/0.0.0.0:0, 20000);
-> at org.apache.hadoop.net.NetUtils.connect(NetUtils.java:598)

socket.close();
-> at org.apache.hadoop.ipc.Client$Connection.closeConnection(Client.java:882)


	at org.apache.hadoop.ipc.TestIPC.checkUserBinding(TestIPC.java:1745)
	at org.apache.hadoop.ipc.TestIPC.testProxyUserBinding(TestIPC.java:1729)
	at java.base/jdk.internal.reflect.NativeMethodAccessorImpl.invoke0(Native Method)
	at java.base/jdk.internal.reflect.NativeMethodAccessorImpl.invoke(NativeMethodAccessorImpl.java:62)
	at java.base/jdk.internal.reflect.DelegatingMethodAccessorImpl.invoke(DelegatingMethodAccessorImpl.java:43)
	at java.base/java.lang.reflect.Method.invoke(Method.java:566)
	at org.junit.runners.model.FrameworkMethod$1.runReflectiveCall(FrameworkMethod.java:59)
	at org.junit.internal.runners.model.ReflectiveCallable.run(ReflectiveCallable.java:12)
	at org.junit.runners.model.FrameworkMethod.invokeExplosively(FrameworkMethod.java:56)
	at org.junit.internal.runners.statements.InvokeMethod.evaluate(InvokeMethod.java:17)
	at org.junit.internal.runners.statements.RunBefores.evaluate(RunBefores.java:26)
	at org.junit.runners.ParentRunner$3.evaluate(ParentRunner.java:306)
	at org.junit.runners.BlockJUnit4ClassRunner$1.evaluate(BlockJUnit4ClassRunner.java:100)
	at org.junit.runners.ParentRunner.runLeaf(ParentRunner.java:366)
	at org.junit.runners.BlockJUnit4ClassRunner.runChild(BlockJUnit4ClassRunner.java:103)
	at org.junit.runners.BlockJUnit4ClassRunner.runChild(BlockJUnit4ClassRunner.java:63)
	at org.junit.runners.ParentRunner$4.run(ParentRunner.java:331)
	at org.junit.runners.ParentRunner$1.schedule(ParentRunner.java:79)
	at org.junit.runners.ParentRunner.runChildren(ParentRunner.java:329)
	at org.junit.runners.ParentRunner.access$100(ParentRunner.java:66)
	at org.junit.runners.ParentRunner$2.evaluate(ParentRunner.java:293)
	at org.junit.runners.ParentRunner$3.evaluate(ParentRunner.java:306)
	at org.junit.runners.ParentRunner.run(ParentRunner.java:413)
	at org.apache.maven.surefire.junit4.JUnit4Provider.execute(JUnit4Provider.java:365)
	at org.apache.maven.surefire.junit4.JUnit4Provider.executeWithRerun(JUnit4Provider.java:273)
	at org.apache.maven.surefire.junit4.JUnit4Provider.executeTestSet(JUnit4Provider.java:238)
	at org.apache.maven.surefire.junit4.JUnit4Provider.invoke(JUnit4Provider.java:159)
	at org.apache.maven.surefire.booter.ForkedBooter.invokeProviderInSameClassLoader(ForkedBooter.java:384)
	at org.apache.maven.surefire.booter.ForkedBooter.runSuitesInProcess(ForkedBooter.java:345)
	at org.apache.maven.surefire.booter.ForkedBooter.execute(ForkedBooter.java:126)
	at org.apache.maven.surefire.booter.ForkedBooter.main(ForkedBooter.java:418)

[INFO] Running org.apache.hadoop.ipc.TestDecayRpcScheduler
[INFO] Tests run: 13, Failures: 0, Errors: 0, Skipped: 0, Time elapsed: 1.55 s - in org.apache.hadoop.ipc.TestDecayRpcScheduler
[INFO] Running org.apache.hadoop.ipc.TestReuseRpcConnections
[INFO] Tests run: 2, Failures: 0, Errors: 0, Skipped: 0, Time elapsed: 0.255 s - in org.apache.hadoop.ipc.TestReuseRpcConnections
[INFO] Running org.apache.hadoop.ipc.TestProtoBufRpc
[WARNING] Tests run: 18, Failures: 0, Errors: 0, Skipped: 8, Time elapsed: 6.417 s - in org.apache.hadoop.ipc.TestProtoBufRpc
[INFO] Running org.apache.hadoop.ipc.TestProtoBufRpcServerHandoff
[INFO] Tests run: 1, Failures: 0, Errors: 0, Skipped: 0, Time elapsed: 5.221 s - in org.apache.hadoop.ipc.TestProtoBufRpcServerHandoff
[INFO] Running org.apache.hadoop.ipc.TestCallQueueManager
[INFO] Tests run: 8, Failures: 0, Errors: 0, Skipped: 0, Time elapsed: 7.631 s - in org.apache.hadoop.ipc.TestCallQueueManager
[INFO] Running org.apache.hadoop.ipc.TestCallerContext
[INFO] Tests run: 3, Failures: 0, Errors: 0, Skipped: 0, Time elapsed: 0.11 s - in org.apache.hadoop.ipc.TestCallerContext
[INFO] Running org.apache.hadoop.ipc.TestRPCWaitForProxy
[INFO] Tests run: 2, Failures: 0, Errors: 0, Skipped: 0, Time elapsed: 11.139 s - in org.apache.hadoop.ipc.TestRPCWaitForProxy
[INFO] Running org.apache.hadoop.ipc.TestAsyncIPC
[INFO] Tests run: 8, Failures: 0, Errors: 0, Skipped: 0, Time elapsed: 28.428 s - in org.apache.hadoop.ipc.TestAsyncIPC
[INFO] Running org.apache.hadoop.ipc.TestRetryCache
[INFO] Tests run: 6, Failures: 0, Errors: 0, Skipped: 0, Time elapsed: 1.082 s - in org.apache.hadoop.ipc.TestRetryCache
[INFO] Running org.apache.hadoop.util.TestReadWriteDiskValidator
[INFO] Tests run: 2, Failures: 0, Errors: 0, Skipped: 0, Time elapsed: 0.119 s - in org.apache.hadoop.util.TestReadWriteDiskValidator
[INFO] Running org.apache.hadoop.util.TestProtoUtil
[INFO] Tests run: 2, Failures: 0, Errors: 0, Skipped: 0, Time elapsed: 0.075 s - in org.apache.hadoop.util.TestProtoUtil
[INFO] Running org.apache.hadoop.util.TestLightWeightGSet
[INFO] Tests run: 2, Failures: 0, Errors: 0, Skipped: 0, Time elapsed: 0.085 s - in org.apache.hadoop.util.TestLightWeightGSet
[INFO] Running org.apache.hadoop.util.TestGenericsUtil
[INFO] Tests run: 7, Failures: 0, Errors: 0, Skipped: 0, Time elapsed: 0.109 s - in org.apache.hadoop.util.TestGenericsUtil
[INFO] Running org.apache.hadoop.util.TestSysInfoLinux
[INFO] Tests run: 7, Failures: 0, Errors: 0, Skipped: 0, Time elapsed: 0.097 s - in org.apache.hadoop.util.TestSysInfoLinux
[INFO] Running org.apache.hadoop.util.bloom.TestBloomFilters
[INFO] Tests run: 7, Failures: 0, Errors: 0, Skipped: 0, Time elapsed: 4.011 s - in org.apache.hadoop.util.bloom.TestBloomFilters
[INFO] Running org.apache.hadoop.util.TestDataChecksum
[INFO] Tests run: 5, Failures: 0, Errors: 0, Skipped: 0, Time elapsed: 8.719 s - in org.apache.hadoop.util.TestDataChecksum
[INFO] Running org.apache.hadoop.util.TestGSet
[INFO] Tests run: 7, Failures: 0, Errors: 0, Skipped: 0, Time elapsed: 0.446 s - in org.apache.hadoop.util.TestGSet
[INFO] Running org.apache.hadoop.util.functional.TestRemoteIterators
[INFO] Tests run: 19, Failures: 0, Errors: 0, Skipped: 0, Time elapsed: 0.12 s - in org.apache.hadoop.util.functional.TestRemoteIterators
[INFO] Running org.apache.hadoop.util.functional.TestTaskPool
[INFO] Tests run: 60, Failures: 0, Errors: 0, Skipped: 0, Time elapsed: 0.864 s - in org.apache.hadoop.util.functional.TestTaskPool
[INFO] Running org.apache.hadoop.util.TestApplicationClassLoader
[INFO] Tests run: 4, Failures: 0, Errors: 0, Skipped: 0, Time elapsed: 0.183 s - in org.apache.hadoop.util.TestApplicationClassLoader
[INFO] Running org.apache.hadoop.util.TestHttpExceptionUtils
[INFO] Tests run: 7, Failures: 0, Errors: 0, Skipped: 0, Time elapsed: 0.364 s - in org.apache.hadoop.util.TestHttpExceptionUtils
[INFO] Running org.apache.hadoop.util.TestUTF8ByteArrayUtils
[INFO] Tests run: 3, Failures: 0, Errors: 0, Skipped: 0, Time elapsed: 0.06 s - in org.apache.hadoop.util.TestUTF8ByteArrayUtils
[INFO] Running org.apache.hadoop.util.TestConfTest
[INFO] Tests run: 14, Failures: 0, Errors: 0, Skipped: 0, Time elapsed: 0.118 s - in org.apache.hadoop.util.TestConfTest
[INFO] Running org.apache.hadoop.util.TestXMLUtils
[INFO] Tests run: 11, Failures: 0, Errors: 0, Skipped: 0, Time elapsed: 0.155 s - in org.apache.hadoop.util.TestXMLUtils
[INFO] Running org.apache.hadoop.util.TestSignalLogger
[INFO] Tests run: 1, Failures: 0, Errors: 0, Skipped: 0, Time elapsed: 0.087 s - in org.apache.hadoop.util.TestSignalLogger
[INFO] Running org.apache.hadoop.util.TestStringInterner
[INFO] Tests run: 3, Failures: 0, Errors: 0, Skipped: 0, Time elapsed: 0.051 s - in org.apache.hadoop.util.TestStringInterner
[INFO] Running org.apache.hadoop.util.TestStopWatch
[INFO] Tests run: 3, Failures: 0, Errors: 0, Skipped: 0, Time elapsed: 0.049 s - in org.apache.hadoop.util.TestStopWatch
[INFO] Running org.apache.hadoop.util.TestCacheableIPList
[INFO] Tests run: 4, Failures: 0, Errors: 0, Skipped: 0, Time elapsed: 1.199 s - in org.apache.hadoop.util.TestCacheableIPList
[INFO] Running org.apache.hadoop.util.TestRunJar
[INFO] Tests run: 7, Failures: 0, Errors: 0, Skipped: 0, Time elapsed: 0.346 s - in org.apache.hadoop.util.TestRunJar
[INFO] Running org.apache.hadoop.util.TestLimitInputStream
[INFO] Tests run: 3, Failures: 0, Errors: 0, Skipped: 0, Time elapsed: 0.064 s - in org.apache.hadoop.util.TestLimitInputStream
[INFO] Running org.apache.hadoop.util.TestStringUtils
[INFO] Tests run: 19, Failures: 0, Errors: 0, Skipped: 0, Time elapsed: 0.122 s - in org.apache.hadoop.util.TestStringUtils
[INFO] Running org.apache.hadoop.util.TestCrcComposer
[INFO] Tests run: 10, Failures: 0, Errors: 0, Skipped: 0, Time elapsed: 0.096 s - in org.apache.hadoop.util.TestCrcComposer
[INFO] Running org.apache.hadoop.util.TestPureJavaCrc32
[INFO] Tests run: 1, Failures: 0, Errors: 0, Skipped: 0, Time elapsed: 0.106 s - in org.apache.hadoop.util.TestPureJavaCrc32
[INFO] Running org.apache.hadoop.util.TestChunkedArrayList
[INFO] Tests run: 5, Failures: 0, Errors: 0, Skipped: 0, Time elapsed: 0.176 s - in org.apache.hadoop.util.TestChunkedArrayList
[INFO] Running org.apache.hadoop.util.TestInstrumentedReadWriteLock
[INFO] Tests run: 4, Failures: 0, Errors: 0, Skipped: 0, Time elapsed: 0.086 s - in org.apache.hadoop.util.TestInstrumentedReadWriteLock
[INFO] Running org.apache.hadoop.util.TestShell
[INFO] Tests run: 26, Failures: 0, Errors: 0, Skipped: 0, Time elapsed: 5.161 s - in org.apache.hadoop.util.TestShell
[INFO] Running org.apache.hadoop.util.TestIntrusiveCollection
[INFO] Tests run: 4, Failures: 0, Errors: 0, Skipped: 0, Time elapsed: 0.087 s - in org.apache.hadoop.util.TestIntrusiveCollection
[INFO] Running org.apache.hadoop.util.TestDirectBufferPool
[INFO] Tests run: 3, Failures: 0, Errors: 0, Skipped: 0, Time elapsed: 0.055 s - in org.apache.hadoop.util.TestDirectBufferPool
[INFO] Running org.apache.hadoop.util.TestDiskCheckerWithDiskIo
[INFO] Tests run: 5, Failures: 0, Errors: 0, Skipped: 0, Time elapsed: 0.115 s - in org.apache.hadoop.util.TestDiskCheckerWithDiskIo
[INFO] Running org.apache.hadoop.util.curator.TestZKCuratorManager
[INFO] Tests run: 5, Failures: 0, Errors: 0, Skipped: 0, Time elapsed: 0.958 s - in org.apache.hadoop.util.curator.TestZKCuratorManager
[INFO] Running org.apache.hadoop.util.TestMachineList
[INFO] Tests run: 14, Failures: 0, Errors: 0, Skipped: 0, Time elapsed: 0.089 s - in org.apache.hadoop.util.TestMachineList
[INFO] Running org.apache.hadoop.util.TestWinUtils
[WARNING] Tests run: 11, Failures: 0, Errors: 0, Skipped: 11, Time elapsed: 0.082 s - in org.apache.hadoop.util.TestWinUtils
[INFO] Running org.apache.hadoop.util.TestProgress
[INFO] Tests run: 1, Failures: 0, Errors: 0, Skipped: 0, Time elapsed: 0.078 s - in org.apache.hadoop.util.TestProgress
[INFO] Running org.apache.hadoop.util.TestNativeCodeLoader
[ERROR] Tests run: 1, Failures: 1, Errors: 0, Skipped: 0, Time elapsed: 0.078 s <<< FAILURE! - in org.apache.hadoop.util.TestNativeCodeLoader
[ERROR] testNativeCodeLoaded(org.apache.hadoop.util.TestNativeCodeLoader)  Time elapsed: 0.039 s  <<< FAILURE!
java.lang.AssertionError: TestNativeCodeLoader: libhadoop.so testing was required, but libhadoop.so was not loaded.
	at org.junit.Assert.fail(Assert.java:89)
	at org.apache.hadoop.util.TestNativeCodeLoader.testNativeCodeLoaded(TestNativeCodeLoader.java:52)
	at java.base/jdk.internal.reflect.NativeMethodAccessorImpl.invoke0(Native Method)
	at java.base/jdk.internal.reflect.NativeMethodAccessorImpl.invoke(NativeMethodAccessorImpl.java:62)
	at java.base/jdk.internal.reflect.DelegatingMethodAccessorImpl.invoke(DelegatingMethodAccessorImpl.java:43)
	at java.base/java.lang.reflect.Method.invoke(Method.java:566)
	at org.junit.runners.model.FrameworkMethod$1.runReflectiveCall(FrameworkMethod.java:59)
	at org.junit.internal.runners.model.ReflectiveCallable.run(ReflectiveCallable.java:12)
	at org.junit.runners.model.FrameworkMethod.invokeExplosively(FrameworkMethod.java:56)
	at org.junit.internal.runners.statements.InvokeMethod.evaluate(InvokeMethod.java:17)
	at edu.illinois.CTestJUnit4Runner$2.evaluate(CTestJUnit4Runner.java:117)
	at edu.illinois.CTestJUnit4Runner$3.evaluate(CTestJUnit4Runner.java:133)
	at org.junit.runners.ParentRunner$3.evaluate(ParentRunner.java:306)
	at org.junit.runners.BlockJUnit4ClassRunner$1.evaluate(BlockJUnit4ClassRunner.java:100)
	at org.junit.runners.ParentRunner.runLeaf(ParentRunner.java:366)
	at org.junit.runners.BlockJUnit4ClassRunner.runChild(BlockJUnit4ClassRunner.java:103)
	at org.junit.runners.BlockJUnit4ClassRunner.runChild(BlockJUnit4ClassRunner.java:63)
	at org.junit.runners.ParentRunner$4.run(ParentRunner.java:331)
	at org.junit.runners.ParentRunner$1.schedule(ParentRunner.java:79)
	at org.junit.runners.ParentRunner.runChildren(ParentRunner.java:329)
	at org.junit.runners.ParentRunner.access$100(ParentRunner.java:66)
	at org.junit.runners.ParentRunner$2.evaluate(ParentRunner.java:293)
	at edu.illinois.CTestJUnit4Runner$1.evaluate(CTestJUnit4Runner.java:102)
	at edu.illinois.CTestJUnit4Runner$4.evaluate(CTestJUnit4Runner.java:179)
	at org.junit.runners.ParentRunner$3.evaluate(ParentRunner.java:306)
	at org.junit.runners.ParentRunner.run(ParentRunner.java:413)
	at org.apache.maven.surefire.junit4.JUnit4Provider.execute(JUnit4Provider.java:365)
	at org.apache.maven.surefire.junit4.JUnit4Provider.executeWithRerun(JUnit4Provider.java:273)
	at org.apache.maven.surefire.junit4.JUnit4Provider.executeTestSet(JUnit4Provider.java:238)
	at org.apache.maven.surefire.junit4.JUnit4Provider.invoke(JUnit4Provider.java:159)
	at org.apache.maven.surefire.booter.ForkedBooter.invokeProviderInSameClassLoader(ForkedBooter.java:384)
	at org.apache.maven.surefire.booter.ForkedBooter.runSuitesInProcess(ForkedBooter.java:345)
	at org.apache.maven.surefire.booter.ForkedBooter.execute(ForkedBooter.java:126)
	at org.apache.maven.surefire.booter.ForkedBooter.main(ForkedBooter.java:418)

[INFO] Running org.apache.hadoop.util.TestLightWeightCache
[INFO] Tests run: 1, Failures: 0, Errors: 0, Skipped: 0, Time elapsed: 2.774 s - in org.apache.hadoop.util.TestLightWeightCache
[INFO] Running org.apache.hadoop.util.TestBasicDiskValidator
[INFO] Tests run: 14, Failures: 0, Errors: 0, Skipped: 0, Time elapsed: 0.486 s - in org.apache.hadoop.util.TestBasicDiskValidator
[INFO] Running org.apache.hadoop.util.TestShutdownThreadsHelper
[INFO] Tests run: 2, Failures: 0, Errors: 0, Skipped: 0, Time elapsed: 3.091 s - in org.apache.hadoop.util.TestShutdownThreadsHelper
[INFO] Running org.apache.hadoop.util.TestExitUtil
[INFO] Tests run: 2, Failures: 0, Errors: 0, Skipped: 0, Time elapsed: 0.096 s - in org.apache.hadoop.util.TestExitUtil
[INFO] Running org.apache.hadoop.util.TestJsonSerialization
[INFO] Tests run: 9, Failures: 0, Errors: 0, Skipped: 0, Time elapsed: 0.289 s - in org.apache.hadoop.util.TestJsonSerialization
[INFO] Running org.apache.hadoop.util.TestPreconditions
[INFO] Tests run: 6, Failures: 0, Errors: 0, Skipped: 0, Time elapsed: 0.088 s - in org.apache.hadoop.util.TestPreconditions
[INFO] Running org.apache.hadoop.util.TestJarFinder
[INFO] Tests run: 4, Failures: 0, Errors: 0, Skipped: 0, Time elapsed: 0.379 s - in org.apache.hadoop.util.TestJarFinder
[INFO] Running org.apache.hadoop.util.TestLists
[INFO] Tests run: 7, Failures: 0, Errors: 0, Skipped: 0, Time elapsed: 0.093 s - in org.apache.hadoop.util.TestLists
[INFO] Running org.apache.hadoop.util.TestDiskValidatorFactory
[INFO] Tests run: 2, Failures: 0, Errors: 0, Skipped: 0, Time elapsed: 0.048 s - in org.apache.hadoop.util.TestDiskValidatorFactory
[INFO] Running org.apache.hadoop.util.TestAsyncDiskService
[INFO] Tests run: 1, Failures: 0, Errors: 0, Skipped: 0, Time elapsed: 0.08 s - in org.apache.hadoop.util.TestAsyncDiskService
[INFO] Running org.apache.hadoop.util.TestAutoCloseableLock
[INFO] Tests run: 3, Failures: 0, Errors: 0, Skipped: 0, Time elapsed: 0.05 s - in org.apache.hadoop.util.TestAutoCloseableLock
[INFO] Running org.apache.hadoop.util.TestOptions
[INFO] Tests run: 2, Failures: 0, Errors: 0, Skipped: 0, Time elapsed: 0.046 s - in org.apache.hadoop.util.TestOptions
[INFO] Running org.apache.hadoop.util.TestIdentityHashStore
[INFO] Tests run: 3, Failures: 0, Errors: 0, Skipped: 0, Time elapsed: 0.094 s - in org.apache.hadoop.util.TestIdentityHashStore
[INFO] Running org.apache.hadoop.util.TestReflectionUtils
[INFO] Tests run: 6, Failures: 0, Errors: 0, Skipped: 0, Time elapsed: 0.149 s - in org.apache.hadoop.util.TestReflectionUtils
[INFO] Running org.apache.hadoop.util.TestSysInfoWindows
[INFO] Tests run: 4, Failures: 0, Errors: 0, Skipped: 0, Time elapsed: 0.085 s - in org.apache.hadoop.util.TestSysInfoWindows
[INFO] Running org.apache.hadoop.util.TestGenericOptionsParser
[INFO] Tests run: 8, Failures: 0, Errors: 0, Skipped: 0, Time elapsed: 0.245 s - in org.apache.hadoop.util.TestGenericOptionsParser
[INFO] Running org.apache.hadoop.util.TestCloseableReferenceCount
[INFO] Tests run: 7, Failures: 0, Errors: 0, Skipped: 0, Time elapsed: 0.06 s - in org.apache.hadoop.util.TestCloseableReferenceCount
[INFO] Running org.apache.hadoop.util.hash.TestHash
[INFO] Tests run: 1, Failures: 0, Errors: 0, Skipped: 0, Time elapsed: 0.11 s - in org.apache.hadoop.util.hash.TestHash
[INFO] Running org.apache.hadoop.util.TestLightWeightResizableGSet
[INFO] Tests run: 2, Failures: 0, Errors: 0, Skipped: 0, Time elapsed: 0.187 s - in org.apache.hadoop.util.TestLightWeightResizableGSet
[INFO] Running org.apache.hadoop.util.TestNativeLibraryChecker
[INFO] Tests run: 2, Failures: 0, Errors: 0, Skipped: 0, Time elapsed: 0.121 s - in org.apache.hadoop.util.TestNativeLibraryChecker
[INFO] Running org.apache.hadoop.util.TestIndexedSort
[INFO] Tests run: 2, Failures: 0, Errors: 0, Skipped: 0, Time elapsed: 0.206 s - in org.apache.hadoop.util.TestIndexedSort
[INFO] Running org.apache.hadoop.util.TestInstrumentedLock
[INFO] Tests run: 4, Failures: 0, Errors: 0, Skipped: 0, Time elapsed: 0.221 s - in org.apache.hadoop.util.TestInstrumentedLock
[INFO] Running org.apache.hadoop.util.TestDurationInfo
[INFO] Tests run: 3, Failures: 0, Errors: 0, Skipped: 0, Time elapsed: 2.09 s - in org.apache.hadoop.util.TestDurationInfo
[INFO] Running org.apache.hadoop.util.TestTime
[INFO] Tests run: 1, Failures: 0, Errors: 0, Skipped: 0, Time elapsed: 0.053 s - in org.apache.hadoop.util.TestTime
[INFO] Running org.apache.hadoop.util.TestCrcUtil
[INFO] Tests run: 13, Failures: 0, Errors: 0, Skipped: 0, Time elapsed: 0.097 s - in org.apache.hadoop.util.TestCrcUtil
[INFO] Running org.apache.hadoop.util.TestFindClass
[INFO] Tests run: 16, Failures: 0, Errors: 0, Skipped: 0, Time elapsed: 0.149 s - in org.apache.hadoop.util.TestFindClass
[INFO] Running org.apache.hadoop.util.TestClassUtil
[INFO] Tests run: 1, Failures: 0, Errors: 0, Skipped: 0, Time elapsed: 0.051 s - in org.apache.hadoop.util.TestClassUtil
[INFO] Running org.apache.hadoop.util.TestFileBasedIPList
[INFO] Tests run: 8, Failures: 0, Errors: 0, Skipped: 0, Time elapsed: 0.089 s - in org.apache.hadoop.util.TestFileBasedIPList
[INFO] Running org.apache.hadoop.util.TestDiskChecker
[INFO] Tests run: 14, Failures: 0, Errors: 0, Skipped: 0, Time elapsed: 0.503 s - in org.apache.hadoop.util.TestDiskChecker
[INFO] Running org.apache.hadoop.util.TestLineReader
[INFO] Tests run: 3, Failures: 0, Errors: 0, Skipped: 0, Time elapsed: 0.09 s - in org.apache.hadoop.util.TestLineReader
[INFO] Running org.apache.hadoop.util.TestShutdownHookManager
[INFO] Tests run: 5, Failures: 0, Errors: 0, Skipped: 0, Time elapsed: 3.147 s - in org.apache.hadoop.util.TestShutdownHookManager
[INFO] Running org.apache.hadoop.util.TestZKUtil
[INFO] Tests run: 9, Failures: 0, Errors: 0, Skipped: 0, Time elapsed: 0.092 s - in org.apache.hadoop.util.TestZKUtil
[INFO] Running org.apache.hadoop.util.TestNativeCrc32
[WARNING] Tests run: 22, Failures: 0, Errors: 0, Skipped: 22, Time elapsed: 0.066 s - in org.apache.hadoop.util.TestNativeCrc32
[INFO] Running org.apache.hadoop.util.TestCpuTimeTracker
[INFO] Tests run: 1, Failures: 0, Errors: 0, Skipped: 0, Time elapsed: 2.056 s - in org.apache.hadoop.util.TestCpuTimeTracker
[INFO] Running org.apache.hadoop.util.TestVersionUtil
[INFO] Tests run: 1, Failures: 0, Errors: 0, Skipped: 0, Time elapsed: 0.088 s - in org.apache.hadoop.util.TestVersionUtil
[INFO] Running org.apache.hadoop.util.TestHostsFileReader
[INFO] Tests run: 10, Failures: 0, Errors: 0, Skipped: 0, Time elapsed: 0.11 s - in org.apache.hadoop.util.TestHostsFileReader
[INFO] Running org.apache.hadoop.util.TestFastNumberFormat
[INFO] Tests run: 1, Failures: 0, Errors: 0, Skipped: 0, Time elapsed: 0.051 s - in org.apache.hadoop.util.TestFastNumberFormat
[INFO] Running org.apache.hadoop.util.TestWeakReferenceMap
[INFO] Tests run: 5, Failures: 0, Errors: 0, Skipped: 0, Time elapsed: 0.111 s - in org.apache.hadoop.util.TestWeakReferenceMap
[INFO] Running org.apache.hadoop.util.TestClasspath
[INFO] Tests run: 7, Failures: 0, Errors: 0, Skipped: 0, Time elapsed: 0.115 s - in org.apache.hadoop.util.TestClasspath
[INFO] Running org.apache.hadoop.security.TestIngressPortBasedResolver
[INFO] Tests run: 1, Failures: 0, Errors: 0, Skipped: 0, Time elapsed: 0.109 s - in org.apache.hadoop.security.TestIngressPortBasedResolver
[INFO] Running org.apache.hadoop.security.TestCompositeGroupMapping
[INFO] Tests run: 3, Failures: 0, Errors: 0, Skipped: 0, Time elapsed: 0.15 s - in org.apache.hadoop.security.TestCompositeGroupMapping
[INFO] Running org.apache.hadoop.security.TestUGILoginFromKeytab
[INFO] Tests run: 12, Failures: 0, Errors: 0, Skipped: 0, Time elapsed: 18.642 s - in org.apache.hadoop.security.TestUGILoginFromKeytab
[INFO] Running org.apache.hadoop.security.http.TestXFrameOptionsFilter
[INFO] Tests run: 2, Failures: 0, Errors: 0, Skipped: 0, Time elapsed: 0.242 s - in org.apache.hadoop.security.http.TestXFrameOptionsFilter
[INFO] Running org.apache.hadoop.security.http.TestCrossOriginFilter
[INFO] Tests run: 12, Failures: 0, Errors: 0, Skipped: 0, Time elapsed: 0.252 s - in org.apache.hadoop.security.http.TestCrossOriginFilter
[INFO] Running org.apache.hadoop.security.http.TestRestCsrfPreventionFilter
[INFO] Tests run: 10, Failures: 0, Errors: 0, Skipped: 0, Time elapsed: 0.26 s - in org.apache.hadoop.security.http.TestRestCsrfPreventionFilter
[INFO] Running org.apache.hadoop.security.TestGroupFallback
[INFO] Tests run: 4, Failures: 0, Errors: 0, Skipped: 0, Time elapsed: 0.155 s - in org.apache.hadoop.security.TestGroupFallback
[INFO] Running org.apache.hadoop.security.alias.TestCredentialProvider
[INFO] Tests run: 2, Failures: 0, Errors: 0, Skipped: 0, Time elapsed: 0.078 s - in org.apache.hadoop.security.alias.TestCredentialProvider
[INFO] Running org.apache.hadoop.security.alias.TestCredentialProviderFactory
[INFO] Tests run: 7, Failures: 0, Errors: 0, Skipped: 0, Time elapsed: 1.219 s - in org.apache.hadoop.security.alias.TestCredentialProviderFactory
[INFO] Running org.apache.hadoop.security.alias.TestCredShell
[INFO] Tests run: 12, Failures: 0, Errors: 0, Skipped: 0, Time elapsed: 0.464 s - in org.apache.hadoop.security.alias.TestCredShell
[INFO] Running org.apache.hadoop.security.TestCredentials
[INFO] Tests run: 10, Failures: 0, Errors: 0, Skipped: 0, Time elapsed: 0.148 s - in org.apache.hadoop.security.TestCredentials
[INFO] Running org.apache.hadoop.security.TestKDiag
[INFO] Tests run: 13, Failures: 0, Errors: 0, Skipped: 0, Time elapsed: 1.383 s - in org.apache.hadoop.security.TestKDiag
[INFO] Running org.apache.hadoop.security.authorize.TestProxyUsers
[INFO] Tests run: 17, Failures: 0, Errors: 0, Skipped: 0, Time elapsed: 0.164 s - in org.apache.hadoop.security.authorize.TestProxyUsers
[INFO] Running org.apache.hadoop.security.authorize.TestDefaultImpersonationProvider
[INFO] Tests run: 2, Failures: 0, Errors: 0, Skipped: 0, Time elapsed: 0.302 s - in org.apache.hadoop.security.authorize.TestDefaultImpersonationProvider
[INFO] Running org.apache.hadoop.security.authorize.TestProxyServers
[INFO] Tests run: 1, Failures: 0, Errors: 0, Skipped: 0, Time elapsed: 0.109 s - in org.apache.hadoop.security.authorize.TestProxyServers
[INFO] Running org.apache.hadoop.security.authorize.TestAccessControlList
[INFO] Tests run: 9, Failures: 0, Errors: 0, Skipped: 0, Time elapsed: 0.31 s - in org.apache.hadoop.security.authorize.TestAccessControlList
[INFO] Running org.apache.hadoop.security.authorize.TestServiceAuthorization
[INFO] Tests run: 8, Failures: 0, Errors: 0, Skipped: 0, Time elapsed: 0.163 s - in org.apache.hadoop.security.authorize.TestServiceAuthorization
[INFO] Running org.apache.hadoop.security.TestNullGroupsMapping
[INFO] Tests run: 1, Failures: 0, Errors: 0, Skipped: 0, Time elapsed: 0.045 s - in org.apache.hadoop.security.TestNullGroupsMapping
[INFO] Running org.apache.hadoop.security.TestRuleBasedLdapGroupsMapping
[INFO] Tests run: 3, Failures: 0, Errors: 0, Skipped: 0, Time elapsed: 0.266 s - in org.apache.hadoop.security.TestRuleBasedLdapGroupsMapping
[INFO] Running org.apache.hadoop.security.TestSecurityUtil
[INFO] Tests run: 21, Failures: 0, Errors: 0, Skipped: 0, Time elapsed: 0.444 s - in org.apache.hadoop.security.TestSecurityUtil
[INFO] Running org.apache.hadoop.security.token.TestToken
[INFO] Tests run: 4, Failures: 0, Errors: 0, Skipped: 0, Time elapsed: 0.137 s - in org.apache.hadoop.security.token.TestToken
[INFO] Running org.apache.hadoop.security.token.delegation.TestZKDelegationTokenSecretManager
[INFO] Tests run: 10, Failures: 0, Errors: 0, Skipped: 0, Time elapsed: 18.113 s - in org.apache.hadoop.security.token.delegation.TestZKDelegationTokenSecretManager
[INFO] Running org.apache.hadoop.security.token.delegation.web.TestDelegationTokenManager
[INFO] Tests run: 2, Failures: 0, Errors: 0, Skipped: 0, Time elapsed: 0.166 s - in org.apache.hadoop.security.token.delegation.web.TestDelegationTokenManager
[INFO] Running org.apache.hadoop.security.token.delegation.web.TestDelegationTokenAuthenticationHandlerWithMocks
[INFO] Tests run: 5, Failures: 0, Errors: 0, Skipped: 0, Time elapsed: 0.46 s - in org.apache.hadoop.security.token.delegation.web.TestDelegationTokenAuthenticationHandlerWithMocks
[INFO] Running org.apache.hadoop.security.token.delegation.web.TestWebDelegationToken
[INFO] Tests run: 12, Failures: 0, Errors: 0, Skipped: 0, Time elapsed: 2.75 s - in org.apache.hadoop.security.token.delegation.web.TestWebDelegationToken
[INFO] Running org.apache.hadoop.security.token.delegation.TestDelegationToken
[INFO] Tests run: 19, Failures: 0, Errors: 0, Skipped: 0, Time elapsed: 30.766 s - in org.apache.hadoop.security.token.delegation.TestDelegationToken
[INFO] Running org.apache.hadoop.security.token.TestDtUtilShell
[INFO] Tests run: 11, Failures: 0, Errors: 0, Skipped: 0, Time elapsed: 0.465 s - in org.apache.hadoop.security.token.TestDtUtilShell
[INFO] Running org.apache.hadoop.security.TestShellBasedUnixGroupsMapping
[INFO] Tests run: 6, Failures: 0, Errors: 0, Skipped: 0, Time elapsed: 2.309 s - in org.apache.hadoop.security.TestShellBasedUnixGroupsMapping
[INFO] Running org.apache.hadoop.security.TestWhitelistBasedResolver
[INFO] Tests run: 3, Failures: 0, Errors: 0, Skipped: 0, Time elapsed: 0.121 s - in org.apache.hadoop.security.TestWhitelistBasedResolver
[INFO] Running org.apache.hadoop.security.TestUGIWithMiniKdc
[INFO] Tests run: 1, Failures: 0, Errors: 0, Skipped: 0, Time elapsed: 2.241 s - in org.apache.hadoop.security.TestUGIWithMiniKdc
[INFO] Running org.apache.hadoop.security.TestLdapGroupsMappingWithPosixGroup
[INFO] Tests run: 1, Failures: 0, Errors: 0, Skipped: 0, Time elapsed: 0.312 s - in org.apache.hadoop.security.TestLdapGroupsMappingWithPosixGroup
[INFO] Running org.apache.hadoop.security.TestProxyUserFromEnv
[INFO] Tests run: 1, Failures: 0, Errors: 0, Skipped: 0, Time elapsed: 0.141 s - in org.apache.hadoop.security.TestProxyUserFromEnv
[INFO] Running org.apache.hadoop.security.authentication.server.TestProxyUserAuthenticationFilter
[INFO] Tests run: 1, Failures: 0, Errors: 0, Skipped: 0, Time elapsed: 0.33 s - in org.apache.hadoop.security.authentication.server.TestProxyUserAuthenticationFilter
[INFO] Running org.apache.hadoop.security.TestAuthenticationFilter
[INFO] Tests run: 1, Failures: 0, Errors: 0, Skipped: 0, Time elapsed: 0.228 s - in org.apache.hadoop.security.TestAuthenticationFilter
[INFO] Running org.apache.hadoop.security.TestLdapGroupsMappingWithBindUserSwitch
[INFO] Tests run: 4, Failures: 0, Errors: 0, Skipped: 0, Time elapsed: 0.708 s - in org.apache.hadoop.security.TestLdapGroupsMappingWithBindUserSwitch
[INFO] Running org.apache.hadoop.security.TestDoAsEffectiveUser
[INFO] Tests run: 9, Failures: 0, Errors: 0, Skipped: 0, Time elapsed: 0.321 s - in org.apache.hadoop.security.TestDoAsEffectiveUser
[INFO] Running org.apache.hadoop.security.TestKDiagNoKDC
[INFO] Tests run: 5, Failures: 0, Errors: 0, Skipped: 0, Time elapsed: 0.207 s - in org.apache.hadoop.security.TestKDiagNoKDC
[INFO] Running org.apache.hadoop.security.TestLdapGroupsMapping
[INFO] Tests run: 12, Failures: 0, Errors: 0, Skipped: 0, Time elapsed: 8.014 s - in org.apache.hadoop.security.TestLdapGroupsMapping
[INFO] Running org.apache.hadoop.security.TestUGIWithExternalKdc
[WARNING] Tests run: 1, Failures: 0, Errors: 0, Skipped: 1, Time elapsed: 0.042 s - in org.apache.hadoop.security.TestUGIWithExternalKdc
[INFO] Running org.apache.hadoop.security.ssl.TestDelegatingSSLSocketFactory
[WARNING] Tests run: 2, Failures: 0, Errors: 0, Skipped: 2, Time elapsed: 0.075 s - in org.apache.hadoop.security.ssl.TestDelegatingSSLSocketFactory
[INFO] Running org.apache.hadoop.security.ssl.TestSSLFactory
[INFO] Tests run: 16, Failures: 0, Errors: 0, Skipped: 0, Time elapsed: 0.864 s - in org.apache.hadoop.security.ssl.TestSSLFactory
[INFO] Running org.apache.hadoop.security.ssl.TestReloadingX509TrustManager
[INFO] Tests run: 6, Failures: 0, Errors: 0, Skipped: 0, Time elapsed: 4.373 s - in org.apache.hadoop.security.ssl.TestReloadingX509TrustManager
[INFO] Running org.apache.hadoop.security.ssl.TestReloadingX509KeyManager
[INFO] Tests run: 5, Failures: 0, Errors: 0, Skipped: 0, Time elapsed: 4.386 s - in org.apache.hadoop.security.ssl.TestReloadingX509KeyManager
[INFO] Running org.apache.hadoop.security.TestUserFromEnv
[INFO] Tests run: 1, Failures: 0, Errors: 0, Skipped: 0, Time elapsed: 0.138 s - in org.apache.hadoop.security.TestUserFromEnv
[INFO] Running org.apache.hadoop.security.TestUserGroupInformation
[INFO] Tests run: 41, Failures: 0, Errors: 0, Skipped: 0, Time elapsed: 2.563 s - in org.apache.hadoop.security.TestUserGroupInformation
[INFO] Running org.apache.hadoop.security.TestRaceWhenRelogin
[INFO] Tests run: 1, Failures: 0, Errors: 0, Skipped: 0, Time elapsed: 6.703 s - in org.apache.hadoop.security.TestRaceWhenRelogin
[INFO] Running org.apache.hadoop.security.TestLdapGroupsMappingWithFailover
[INFO] Tests run: 2, Failures: 0, Errors: 0, Skipped: 0, Time elapsed: 0.31 s - in org.apache.hadoop.security.TestLdapGroupsMappingWithFailover
[INFO] Running org.apache.hadoop.security.TestFixKerberosTicketOrder
[INFO] Tests run: 2, Failures: 0, Errors: 0, Skipped: 0, Time elapsed: 2.954 s - in org.apache.hadoop.security.TestFixKerberosTicketOrder
[INFO] Running org.apache.hadoop.security.TestHttpCrossOriginFilterInitializer
[INFO] Tests run: 1, Failures: 0, Errors: 0, Skipped: 0, Time elapsed: 0.106 s - in org.apache.hadoop.security.TestHttpCrossOriginFilterInitializer
[INFO] Running org.apache.hadoop.security.TestLdapGroupsMappingWithOneQuery
[INFO] Tests run: 1, Failures: 0, Errors: 0, Skipped: 0, Time elapsed: 0.312 s - in org.apache.hadoop.security.TestLdapGroupsMappingWithOneQuery
[INFO] Running org.apache.hadoop.security.TestJNIGroupsMapping
[WARNING] Tests run: 1, Failures: 0, Errors: 0, Skipped: 1, Time elapsed: 0.077 s - in org.apache.hadoop.security.TestJNIGroupsMapping
[INFO] Running org.apache.hadoop.security.TestGroupsCaching
[INFO] Tests run: 16, Failures: 0, Errors: 0, Skipped: 0, Time elapsed: 0.915 s - in org.apache.hadoop.security.TestGroupsCaching
[INFO] Running org.apache.hadoop.security.TestNetgroupCache
[INFO] Tests run: 3, Failures: 0, Errors: 0, Skipped: 0, Time elapsed: 0.045 s - in org.apache.hadoop.security.TestNetgroupCache
[INFO] Running org.apache.hadoop.security.TestShellBasedIdMapping
[INFO] Tests run: 7, Failures: 0, Errors: 0, Skipped: 0, Time elapsed: 8.503 s - in org.apache.hadoop.security.TestShellBasedIdMapping
[INFO] Running org.apache.hadoop.test.TestMultithreadedTestUtil
[INFO] Tests run: 4, Failures: 0, Errors: 0, Skipped: 0, Time elapsed: 3.089 s - in org.apache.hadoop.test.TestMultithreadedTestUtil
[INFO] Running org.apache.hadoop.test.TestJUnitSetup
[INFO] Tests run: 1, Failures: 0, Errors: 0, Skipped: 0, Time elapsed: 0.079 s - in org.apache.hadoop.test.TestJUnitSetup
[INFO] Running org.apache.hadoop.test.TestTimedOutTestsListener
[INFO] Tests run: 1, Failures: 0, Errors: 0, Skipped: 0, Time elapsed: 0.199 s - in org.apache.hadoop.test.TestTimedOutTestsListener
[INFO] Running org.apache.hadoop.test.TestLambdaTestUtils
[INFO] Tests run: 43, Failures: 0, Errors: 0, Skipped: 0, Time elapsed: 0.606 s - in org.apache.hadoop.test.TestLambdaTestUtils
[INFO] Running org.apache.hadoop.test.TestGenericTestUtils
[INFO] Tests run: 8, Failures: 0, Errors: 0, Skipped: 0, Time elapsed: 0.092 s - in org.apache.hadoop.test.TestGenericTestUtils
[INFO] Running org.apache.hadoop.io.TestBoundedByteArrayOutputStream
[INFO] Tests run: 2, Failures: 0, Errors: 0, Skipped: 0, Time elapsed: 0.046 s - in org.apache.hadoop.io.TestBoundedByteArrayOutputStream
[INFO] Running org.apache.hadoop.io.TestObjectWritableProtos
[INFO] Tests run: 3, Failures: 0, Errors: 0, Skipped: 0, Time elapsed: 0.102 s - in org.apache.hadoop.io.TestObjectWritableProtos
[INFO] Running org.apache.hadoop.io.TestSortedMapWritable
[INFO] Tests run: 4, Failures: 0, Errors: 0, Skipped: 0, Time elapsed: 0.09 s - in org.apache.hadoop.io.TestSortedMapWritable
[INFO] Running org.apache.hadoop.io.TestSequenceFileSerialization
[INFO] Tests run: 1, Failures: 0, Errors: 0, Skipped: 0, Time elapsed: 0.208 s - in org.apache.hadoop.io.TestSequenceFileSerialization
[INFO] Running org.apache.hadoop.io.compress.TestCompressorDecompressor
[INFO] Tests run: 2, Failures: 0, Errors: 0, Skipped: 0, Time elapsed: 0.126 s - in org.apache.hadoop.io.compress.TestCompressorDecompressor
[INFO] Running org.apache.hadoop.io.compress.TestDecompressorStream
[INFO] Tests run: 3, Failures: 0, Errors: 0, Skipped: 0, Time elapsed: 0.047 s - in org.apache.hadoop.io.compress.TestDecompressorStream
[INFO] Running org.apache.hadoop.io.compress.TestCompressionStreamReuse
[WARNING] Tests run: 4, Failures: 0, Errors: 0, Skipped: 1, Time elapsed: 1.133 s - in org.apache.hadoop.io.compress.TestCompressionStreamReuse
[INFO] Running org.apache.hadoop.io.compress.TestBlockDecompressorStream
[INFO] Tests run: 3, Failures: 0, Errors: 0, Skipped: 0, Time elapsed: 0.048 s - in org.apache.hadoop.io.compress.TestBlockDecompressorStream
[INFO] Running org.apache.hadoop.io.compress.TestCodecFactory
[INFO] Tests run: 1, Failures: 0, Errors: 0, Skipped: 0, Time elapsed: 0.119 s - in org.apache.hadoop.io.compress.TestCodecFactory
[INFO] Running org.apache.hadoop.io.compress.lz4.TestLz4CompressorDecompressor
[INFO] Tests run: 14, Failures: 0, Errors: 0, Skipped: 0, Time elapsed: 0.238 s - in org.apache.hadoop.io.compress.lz4.TestLz4CompressorDecompressor
[INFO] Running org.apache.hadoop.io.compress.zstd.TestZStandardCompressorDecompressor
[WARNING] Tests run: 20, Failures: 0, Errors: 0, Skipped: 20, Time elapsed: 0.111 s - in org.apache.hadoop.io.compress.zstd.TestZStandardCompressorDecompressor
[INFO] Running org.apache.hadoop.io.compress.TestBZip2Codec
[INFO] Tests run: 1, Failures: 0, Errors: 0, Skipped: 0, Time elapsed: 1.323 s - in org.apache.hadoop.io.compress.TestBZip2Codec
[INFO] Running org.apache.hadoop.io.compress.snappy.TestSnappyCompressorDecompressor
[INFO] Tests run: 16, Failures: 0, Errors: 0, Skipped: 0, Time elapsed: 0.169 s - in org.apache.hadoop.io.compress.snappy.TestSnappyCompressorDecompressor
[INFO] Running org.apache.hadoop.io.compress.zlib.TestZlibCompressorDecompressor
[WARNING] Tests run: 10, Failures: 0, Errors: 0, Skipped: 10, Time elapsed: 0.086 s - in org.apache.hadoop.io.compress.zlib.TestZlibCompressorDecompressor
[INFO] Running org.apache.hadoop.io.compress.TestCodecPool
[INFO] Tests run: 7, Failures: 0, Errors: 0, Skipped: 0, Time elapsed: 0.141 s - in org.apache.hadoop.io.compress.TestCodecPool
[INFO] Running org.apache.hadoop.io.compress.bzip2.TestBzip2CompressorDecompressor
[WARNING] Tests run: 2, Failures: 0, Errors: 0, Skipped: 2, Time elapsed: 0.107 s - in org.apache.hadoop.io.compress.bzip2.TestBzip2CompressorDecompressor
[INFO] Running org.apache.hadoop.io.compress.bzip2.TestBZip2TextFileWriter
[INFO] Tests run: 4, Failures: 0, Errors: 0, Skipped: 0, Time elapsed: 2.139 s - in org.apache.hadoop.io.compress.bzip2.TestBZip2TextFileWriter
[INFO] Running org.apache.hadoop.io.compress.TestGzipCodec
[INFO] Tests run: 4, Failures: 0, Errors: 0, Skipped: 0, Time elapsed: 0.106 s - in org.apache.hadoop.io.compress.TestGzipCodec
[INFO] Running org.apache.hadoop.io.compress.TestCodec
[WARNING] Tests run: 26, Failures: 0, Errors: 0, Skipped: 4, Time elapsed: 14.054 s - in org.apache.hadoop.io.compress.TestCodec
[INFO] Running org.apache.hadoop.io.compress.TestCompressorStream
[INFO] Tests run: 1, Failures: 0, Errors: 0, Skipped: 0, Time elapsed: 0.048 s - in org.apache.hadoop.io.compress.TestCompressorStream
[INFO] Running org.apache.hadoop.io.TestVersionedWritable
[INFO] Tests run: 3, Failures: 0, Errors: 0, Skipped: 0, Time elapsed: 0.082 s - in org.apache.hadoop.io.TestVersionedWritable
[INFO] Running org.apache.hadoop.io.TestSequenceFileSync
[INFO] Tests run: 2, Failures: 0, Errors: 0, Skipped: 0, Time elapsed: 0.283 s - in org.apache.hadoop.io.TestSequenceFileSync
[INFO] Running org.apache.hadoop.io.erasurecode.codec.TestHHXORErasureCodec
[INFO] Tests run: 1, Failures: 0, Errors: 0, Skipped: 0, Time elapsed: 0.085 s - in org.apache.hadoop.io.erasurecode.codec.TestHHXORErasureCodec
[INFO] Running org.apache.hadoop.io.erasurecode.TestCodecRegistry
[INFO] Tests run: 7, Failures: 0, Errors: 0, Skipped: 0, Time elapsed: 0.084 s - in org.apache.hadoop.io.erasurecode.TestCodecRegistry
[INFO] Running org.apache.hadoop.io.erasurecode.rawcoder.TestRSRawCoder
[INFO] Tests run: 17, Failures: 0, Errors: 0, Skipped: 0, Time elapsed: 0.161 s - in org.apache.hadoop.io.erasurecode.rawcoder.TestRSRawCoder
[INFO] Running org.apache.hadoop.io.erasurecode.rawcoder.TestRSRawCoderInteroperable2
[WARNING] Tests run: 17, Failures: 0, Errors: 0, Skipped: 17, Time elapsed: 0.083 s - in org.apache.hadoop.io.erasurecode.rawcoder.TestRSRawCoderInteroperable2
[INFO] Running org.apache.hadoop.io.erasurecode.rawcoder.TestCoderUtil
[INFO] Tests run: 7, Failures: 0, Errors: 0, Skipped: 0, Time elapsed: 0.048 s - in org.apache.hadoop.io.erasurecode.rawcoder.TestCoderUtil
[INFO] Running org.apache.hadoop.io.erasurecode.rawcoder.TestRSRawCoderInteroperable1
[WARNING] Tests run: 17, Failures: 0, Errors: 0, Skipped: 17, Time elapsed: 0.082 s - in org.apache.hadoop.io.erasurecode.rawcoder.TestRSRawCoderInteroperable1
[INFO] Running org.apache.hadoop.io.erasurecode.rawcoder.TestRawErasureCoderBenchmark
[WARNING] Tests run: 4, Failures: 0, Errors: 0, Skipped: 1, Time elapsed: 9.209 s - in org.apache.hadoop.io.erasurecode.rawcoder.TestRawErasureCoderBenchmark
[INFO] Running org.apache.hadoop.io.erasurecode.rawcoder.TestDecodingValidator
[WARNING] Tests run: 24, Failures: 0, Errors: 0, Skipped: 8, Time elapsed: 0.132 s - in org.apache.hadoop.io.erasurecode.rawcoder.TestDecodingValidator
[INFO] Running org.apache.hadoop.io.erasurecode.rawcoder.TestXORRawCoder
[INFO] Tests run: 7, Failures: 0, Errors: 0, Skipped: 0, Time elapsed: 0.11 s - in org.apache.hadoop.io.erasurecode.rawcoder.TestXORRawCoder
[INFO] Running org.apache.hadoop.io.erasurecode.rawcoder.TestDummyRawCoder
[INFO] Tests run: 4, Failures: 0, Errors: 0, Skipped: 0, Time elapsed: 0.09 s - in org.apache.hadoop.io.erasurecode.rawcoder.TestDummyRawCoder
[INFO] Running org.apache.hadoop.io.erasurecode.rawcoder.TestRSLegacyRawCoder
[INFO] Tests run: 17, Failures: 0, Errors: 0, Skipped: 0, Time elapsed: 0.156 s - in org.apache.hadoop.io.erasurecode.rawcoder.TestRSLegacyRawCoder
[INFO] Running org.apache.hadoop.io.erasurecode.rawcoder.TestXORRawCoderInteroperable2
[WARNING] Tests run: 7, Failures: 0, Errors: 0, Skipped: 7, Time elapsed: 0.082 s - in org.apache.hadoop.io.erasurecode.rawcoder.TestXORRawCoderInteroperable2
[INFO] Running org.apache.hadoop.io.erasurecode.rawcoder.TestNativeRSRawCoder
[WARNING] Tests run: 18, Failures: 0, Errors: 0, Skipped: 18, Time elapsed: 0.086 s - in org.apache.hadoop.io.erasurecode.rawcoder.TestNativeRSRawCoder
[INFO] Running org.apache.hadoop.io.erasurecode.rawcoder.TestXORRawCoderInteroperable1
[WARNING] Tests run: 7, Failures: 0, Errors: 0, Skipped: 7, Time elapsed: 0.083 s - in org.apache.hadoop.io.erasurecode.rawcoder.TestXORRawCoderInteroperable1
[INFO] Running org.apache.hadoop.io.erasurecode.rawcoder.TestNativeXORRawCoder
[WARNING] Tests run: 8, Failures: 0, Errors: 0, Skipped: 8, Time elapsed: 0.081 s - in org.apache.hadoop.io.erasurecode.rawcoder.TestNativeXORRawCoder
[INFO] Running org.apache.hadoop.io.erasurecode.TestCodecRawCoderMapping
[INFO] Tests run: 5, Failures: 0, Errors: 0, Skipped: 0, Time elapsed: 0.14 s - in org.apache.hadoop.io.erasurecode.TestCodecRawCoderMapping
[INFO] Running org.apache.hadoop.io.erasurecode.coder.TestXORCoder
[INFO] Tests run: 2, Failures: 0, Errors: 0, Skipped: 0, Time elapsed: 0.159 s - in org.apache.hadoop.io.erasurecode.coder.TestXORCoder
[INFO] Running org.apache.hadoop.io.erasurecode.coder.TestRSErasureCoder
[INFO] Tests run: 10, Failures: 0, Errors: 0, Skipped: 0, Time elapsed: 0.317 s - in org.apache.hadoop.io.erasurecode.coder.TestRSErasureCoder
[INFO] Running org.apache.hadoop.io.erasurecode.coder.TestHHXORErasureCoder
[INFO] Tests run: 9, Failures: 0, Errors: 0, Skipped: 0, Time elapsed: 0.339 s - in org.apache.hadoop.io.erasurecode.coder.TestHHXORErasureCoder
[INFO] Running org.apache.hadoop.io.erasurecode.TestECSchema
[INFO] Tests run: 2, Failures: 0, Errors: 0, Skipped: 0, Time elapsed: 0.057 s - in org.apache.hadoop.io.erasurecode.TestECSchema
[INFO] Running org.apache.hadoop.io.TestDataByteBuffers
[INFO] Tests run: 2, Failures: 0, Errors: 0, Skipped: 0, Time elapsed: 0.058 s - in org.apache.hadoop.io.TestDataByteBuffers
[INFO] Running org.apache.hadoop.io.TestTextNonUTF8
[INFO] Tests run: 1, Failures: 0, Errors: 0, Skipped: 0, Time elapsed: 0.082 s - in org.apache.hadoop.io.TestTextNonUTF8
[INFO] Running org.apache.hadoop.io.TestSetFile
[INFO] Tests run: 2, Failures: 0, Errors: 0, Skipped: 0, Time elapsed: 0.623 s - in org.apache.hadoop.io.TestSetFile
[INFO] Running org.apache.hadoop.io.serializer.TestSerializationFactory
[INFO] Tests run: 6, Failures: 0, Errors: 0, Skipped: 0, Time elapsed: 0.122 s - in org.apache.hadoop.io.serializer.TestSerializationFactory
[INFO] Running org.apache.hadoop.io.serializer.avro.TestAvroSerialization
[INFO] Tests run: 5, Failures: 0, Errors: 0, Skipped: 0, Time elapsed: 0.164 s - in org.apache.hadoop.io.serializer.avro.TestAvroSerialization
[INFO] Running org.apache.hadoop.io.serializer.TestWritableSerialization
[INFO] Tests run: 3, Failures: 0, Errors: 0, Skipped: 0, Time elapsed: 0.117 s - in org.apache.hadoop.io.serializer.TestWritableSerialization
[INFO] Running org.apache.hadoop.io.TestEnumSetWritable
[INFO] Tests run: 6, Failures: 0, Errors: 0, Skipped: 0, Time elapsed: 0.136 s - in org.apache.hadoop.io.TestEnumSetWritable
[INFO] Running org.apache.hadoop.io.TestIOUtils
[INFO] Tests run: 14, Failures: 0, Errors: 0, Skipped: 0, Time elapsed: 0.235 s - in org.apache.hadoop.io.TestIOUtils
[INFO] Running org.apache.hadoop.io.TestArrayPrimitiveWritable
[INFO] Tests run: 3, Failures: 0, Errors: 0, Skipped: 0, Time elapsed: 0.086 s - in org.apache.hadoop.io.TestArrayPrimitiveWritable
[INFO] Running org.apache.hadoop.io.TestArrayFile
[INFO] Tests run: 3, Failures: 0, Errors: 0, Skipped: 0, Time elapsed: 0.611 s - in org.apache.hadoop.io.TestArrayFile
[INFO] Running org.apache.hadoop.io.TestSecureIOUtils
[WARNING] Tests run: 4, Failures: 0, Errors: 0, Skipped: 1, Time elapsed: 0.182 s - in org.apache.hadoop.io.TestSecureIOUtils
[INFO] Running org.apache.hadoop.io.TestMapWritable
[INFO] Tests run: 5, Failures: 0, Errors: 0, Skipped: 0, Time elapsed: 0.091 s - in org.apache.hadoop.io.TestMapWritable
[INFO] Running org.apache.hadoop.io.TestUTF8
[INFO] Tests run: 8, Failures: 0, Errors: 0, Skipped: 0, Time elapsed: 0.159 s - in org.apache.hadoop.io.TestUTF8
[INFO] Running org.apache.hadoop.io.retry.TestDefaultRetryPolicy
[INFO] Tests run: 4, Failures: 0, Errors: 0, Skipped: 0, Time elapsed: 0.119 s - in org.apache.hadoop.io.retry.TestDefaultRetryPolicy
[INFO] Running org.apache.hadoop.io.retry.TestConnectionRetryPolicy
[INFO] Tests run: 2, Failures: 0, Errors: 0, Skipped: 0, Time elapsed: 0.133 s - in org.apache.hadoop.io.retry.TestConnectionRetryPolicy
[INFO] Running org.apache.hadoop.io.retry.TestRetryProxy
[INFO] Tests run: 15, Failures: 0, Errors: 0, Skipped: 0, Time elapsed: 1.261 s - in org.apache.hadoop.io.retry.TestRetryProxy
[INFO] Running org.apache.hadoop.io.retry.TestFailoverProxy
[INFO] Tests run: 9, Failures: 0, Errors: 0, Skipped: 0, Time elapsed: 11.324 s - in org.apache.hadoop.io.retry.TestFailoverProxy
[INFO] Running org.apache.hadoop.io.TestMD5Hash
[INFO] Tests run: 2, Failures: 0, Errors: 0, Skipped: 0, Time elapsed: 0.095 s - in org.apache.hadoop.io.TestMD5Hash
[INFO] Running org.apache.hadoop.io.TestBooleanWritable
[INFO] Tests run: 2, Failures: 0, Errors: 0, Skipped: 0, Time elapsed: 0.086 s - in org.apache.hadoop.io.TestBooleanWritable
[INFO] Running org.apache.hadoop.io.TestSequenceFile
[INFO] Tests run: 11, Failures: 0, Errors: 0, Skipped: 0, Time elapsed: 3.156 s - in org.apache.hadoop.io.TestSequenceFile
[INFO] Running org.apache.hadoop.io.TestMapFile
[INFO] Tests run: 22, Failures: 0, Errors: 0, Skipped: 0, Time elapsed: 0.657 s - in org.apache.hadoop.io.TestMapFile
[INFO] Running org.apache.hadoop.io.TestMoreWeakReferencedElasticByteBufferPool
[INFO] Tests run: 2, Failures: 0, Errors: 0, Skipped: 0, Time elapsed: 0.082 s - in org.apache.hadoop.io.TestMoreWeakReferencedElasticByteBufferPool
[INFO] Running org.apache.hadoop.io.TestBloomMapFile
[INFO] Tests run: 7, Failures: 0, Errors: 0, Skipped: 0, Time elapsed: 0.572 s - in org.apache.hadoop.io.TestBloomMapFile
[INFO] Running org.apache.hadoop.io.TestText
[INFO] Tests run: 18, Failures: 0, Errors: 0, Skipped: 0, Time elapsed: 0.223 s - in org.apache.hadoop.io.TestText
[INFO] Running org.apache.hadoop.io.TestGenericWritable
[INFO] Tests run: 5, Failures: 0, Errors: 0, Skipped: 0, Time elapsed: 0.115 s - in org.apache.hadoop.io.TestGenericWritable
[INFO] Running org.apache.hadoop.io.file.tfile.TestTFile
[INFO] Tests run: 3, Failures: 0, Errors: 0, Skipped: 0, Time elapsed: 0.27 s - in org.apache.hadoop.io.file.tfile.TestTFile
[INFO] Running org.apache.hadoop.io.file.tfile.TestTFileUnsortedByteArrays
[INFO] Tests run: 4, Failures: 0, Errors: 0, Skipped: 0, Time elapsed: 0.22 s - in org.apache.hadoop.io.file.tfile.TestTFileUnsortedByteArrays
[INFO] Running org.apache.hadoop.io.file.tfile.TestTFileComparator2
[INFO] Tests run: 1, Failures: 0, Errors: 0, Skipped: 0, Time elapsed: 0.244 s - in org.apache.hadoop.io.file.tfile.TestTFileComparator2
[INFO] Running org.apache.hadoop.io.file.tfile.TestVLong
[INFO] Tests run: 9, Failures: 0, Errors: 0, Skipped: 0, Time elapsed: 0.378 s - in org.apache.hadoop.io.file.tfile.TestVLong
[INFO] Running org.apache.hadoop.io.file.tfile.TestTFileLzoCodecsByteArrays
[INFO] Tests run: 25, Failures: 0, Errors: 0, Skipped: 0, Time elapsed: 0.118 s - in org.apache.hadoop.io.file.tfile.TestTFileLzoCodecsByteArrays
[INFO] Running org.apache.hadoop.io.file.tfile.TestCompression
[INFO] Tests run: 2, Failures: 0, Errors: 0, Skipped: 0, Time elapsed: 0.111 s - in org.apache.hadoop.io.file.tfile.TestCompression
[INFO] Running org.apache.hadoop.io.file.tfile.TestTFileSplit
[INFO] Tests run: 1, Failures: 0, Errors: 0, Skipped: 0, Time elapsed: 0.852 s - in org.apache.hadoop.io.file.tfile.TestTFileSplit
[INFO] Running org.apache.hadoop.io.file.tfile.TestTFileNoneCodecsByteArrays
[INFO] Tests run: 25, Failures: 0, Errors: 0, Skipped: 0, Time elapsed: 0.324 s - in org.apache.hadoop.io.file.tfile.TestTFileNoneCodecsByteArrays
[INFO] Running org.apache.hadoop.io.file.tfile.TestTFileNoneCodecsStreams
[INFO] Tests run: 19, Failures: 0, Errors: 0, Skipped: 0, Time elapsed: 0.314 s - in org.apache.hadoop.io.file.tfile.TestTFileNoneCodecsStreams
[INFO] Running org.apache.hadoop.io.file.tfile.TestTFileJClassComparatorByteArrays
[INFO] Tests run: 25, Failures: 0, Errors: 0, Skipped: 0, Time elapsed: 0.439 s - in org.apache.hadoop.io.file.tfile.TestTFileJClassComparatorByteArrays
[INFO] Running org.apache.hadoop.io.file.tfile.TestTFileComparators
[INFO] Tests run: 3, Failures: 0, Errors: 0, Skipped: 0, Time elapsed: 0.183 s - in org.apache.hadoop.io.file.tfile.TestTFileComparators
[INFO] Running org.apache.hadoop.io.file.tfile.TestTFileNoneCodecsJClassComparatorByteArrays
[INFO] Tests run: 25, Failures: 0, Errors: 0, Skipped: 0, Time elapsed: 0.342 s - in org.apache.hadoop.io.file.tfile.TestTFileNoneCodecsJClassComparatorByteArrays
[INFO] Running org.apache.hadoop.io.file.tfile.TestTFileByteArrays
[INFO] Tests run: 25, Failures: 0, Errors: 0, Skipped: 0, Time elapsed: 0.44 s - in org.apache.hadoop.io.file.tfile.TestTFileByteArrays
[INFO] Running org.apache.hadoop.io.file.tfile.TestTFileStreams
[INFO] Tests run: 19, Failures: 0, Errors: 0, Skipped: 0, Time elapsed: 0.328 s - in org.apache.hadoop.io.file.tfile.TestTFileStreams
[INFO] Running org.apache.hadoop.io.file.tfile.TestTFileLzoCodecsStreams
[INFO] Tests run: 19, Failures: 0, Errors: 0, Skipped: 0, Time elapsed: 0.114 s - in org.apache.hadoop.io.file.tfile.TestTFileLzoCodecsStreams
[INFO] Running org.apache.hadoop.io.file.tfile.TestTFileSeqFileComparison
[INFO] Tests run: 1, Failures: 0, Errors: 0, Skipped: 0, Time elapsed: 1.189 s - in org.apache.hadoop.io.file.tfile.TestTFileSeqFileComparison
[INFO] Running org.apache.hadoop.io.file.tfile.TestTFileSeek
[INFO] Tests run: 1, Failures: 0, Errors: 0, Skipped: 0, Time elapsed: 0.744 s - in org.apache.hadoop.io.file.tfile.TestTFileSeek
[INFO] Running org.apache.hadoop.io.TestArrayWritable
[INFO] Tests run: 4, Failures: 0, Errors: 0, Skipped: 0, Time elapsed: 0.088 s - in org.apache.hadoop.io.TestArrayWritable
[INFO] Running org.apache.hadoop.io.TestSequenceFileAppend
[WARNING] Tests run: 5, Failures: 0, Errors: 0, Skipped: 3, Time elapsed: 0.221 s - in org.apache.hadoop.io.TestSequenceFileAppend
[INFO] Running org.apache.hadoop.io.nativeio.TestNativeIO
[WARNING] Tests run: 28, Failures: 0, Errors: 0, Skipped: 28, Time elapsed: 0.092 s - in org.apache.hadoop.io.nativeio.TestNativeIO
[INFO] Running org.apache.hadoop.io.nativeio.TestSharedFileDescriptorFactory
[WARNING] Tests run: 3, Failures: 0, Errors: 0, Skipped: 3, Time elapsed: 0.078 s - in org.apache.hadoop.io.nativeio.TestSharedFileDescriptorFactory
[INFO] Running org.apache.hadoop.io.TestWritableName
[INFO] Tests run: 5, Failures: 0, Errors: 0, Skipped: 0, Time elapsed: 0.111 s - in org.apache.hadoop.io.TestWritableName
[INFO] Running org.apache.hadoop.io.TestBytesWritable
[INFO] Tests run: 6, Failures: 0, Errors: 0, Skipped: 0, Time elapsed: 0.086 s - in org.apache.hadoop.io.TestBytesWritable
[INFO] Running org.apache.hadoop.io.TestDefaultStringifier
[INFO] Tests run: 4, Failures: 0, Errors: 0, Skipped: 0, Time elapsed: 0.118 s - in org.apache.hadoop.io.TestDefaultStringifier
[INFO] Running org.apache.hadoop.io.TestWritable
[INFO] Tests run: 6, Failures: 0, Errors: 0, Skipped: 0, Time elapsed: 0.11 s - in org.apache.hadoop.io.TestWritable
[INFO] Running org.apache.hadoop.io.TestWeakReferencedElasticByteBufferPool
[INFO] Tests run: 10, Failures: 0, Errors: 0, Skipped: 0, Time elapsed: 0.068 s - in org.apache.hadoop.io.TestWeakReferencedElasticByteBufferPool
[INFO] Running org.apache.hadoop.io.TestWritableUtils
[INFO] Tests run: 1, Failures: 0, Errors: 0, Skipped: 0, Time elapsed: 0.077 s - in org.apache.hadoop.io.TestWritableUtils
[INFO] Running org.apache.hadoop.tools.TestCommandShell
[INFO] Tests run: 1, Failures: 0, Errors: 0, Skipped: 0, Time elapsed: 0.084 s - in org.apache.hadoop.tools.TestCommandShell
[INFO] Running org.apache.hadoop.log.TestLogThrottlingHelper
[INFO] Tests run: 8, Failures: 0, Errors: 0, Skipped: 0, Time elapsed: 0.059 s - in org.apache.hadoop.log.TestLogThrottlingHelper
[INFO] Running org.apache.hadoop.log.TestLogLevel
[INFO] Tests run: 7, Failures: 0, Errors: 0, Skipped: 0, Time elapsed: 8.083 s - in org.apache.hadoop.log.TestLogLevel
[INFO] Running org.apache.hadoop.log.TestLog4Json
[INFO] Tests run: 5, Failures: 0, Errors: 0, Skipped: 0, Time elapsed: 0.138 s - in org.apache.hadoop.log.TestLog4Json
[INFO] 
[INFO] Results:
[INFO] 
[ERROR] Failures: 
[ERROR]   TestCopyPreserveFlag.testDirectoryCpWithP:229->assertAttributesPreserved:104 expected:<23456000> but was:<1700638107267>
[ERROR]   TestIPC.testProxyUserBinding:1729->checkUserBinding:1745 
Wanted but not invoked:
socket.bind(DovelyW-1/127.0.1.1:0);
-> at org.apache.hadoop.ipc.TestIPC.checkUserBinding(TestIPC.java:1745)

However, there were exactly 5 interactions with this mock:
socket.setTcpNoDelay(true);
-> at org.apache.hadoop.ipc.Client$Connection.setupConnection(Client.java:610)

socket.setKeepAlive(true);
-> at org.apache.hadoop.ipc.Client$Connection.setupConnection(Client.java:611)

socket.getChannel();
-> at org.apache.hadoop.net.NetUtils.connect(NetUtils.java:584)

socket.connect(0.0.0.0/0.0.0.0:0, 20000);
-> at org.apache.hadoop.net.NetUtils.connect(NetUtils.java:598)

socket.close();
-> at org.apache.hadoop.ipc.Client$Connection.closeConnection(Client.java:882)


[ERROR]   TestIPC.testUserBinding:1724->checkUserBinding:1745 
Wanted but not invoked:
socket.bind(DovelyW-1/127.0.1.1:0);
-> at org.apache.hadoop.ipc.TestIPC.checkUserBinding(TestIPC.java:1745)

However, there were exactly 5 interactions with this mock:
socket.setTcpNoDelay(true);
-> at org.apache.hadoop.ipc.Client$Connection.setupConnection(Client.java:610)

socket.setKeepAlive(true);
-> at org.apache.hadoop.ipc.Client$Connection.setupConnection(Client.java:611)

socket.getChannel();
-> at org.apache.hadoop.net.NetUtils.connect(NetUtils.java:584)

socket.connect(0.0.0.0/0.0.0.0:0, 20000);
-> at org.apache.hadoop.net.NetUtils.connect(NetUtils.java:598)

socket.close();
-> at org.apache.hadoop.ipc.Client$Connection.closeConnection(Client.java:882)


[ERROR]   TestNativeCodeLoader.testNativeCodeLoaded:52 TestNativeCodeLoader: libhadoop.so testing was required, but libhadoop.so was not loaded.
[ERROR] Errors: 
[ERROR]   TestLocalFSContractVectoredRead.initializationError  InvalidTestClass Invalid...
[INFO] 
[ERROR] Tests run: 4829, Failures: 4, Errors: 1, Skipped: 379
[INFO] 
[ERROR] There was a timeout or other error in the fork
[INFO] ------------------------------------------------------------------------
[INFO] BUILD SUCCESS
[INFO] ------------------------------------------------------------------------
[INFO] Total time:  35:18 min
[INFO] Finished at: 2023-11-22T16:01:01+08:00
[INFO] ------------------------------------------------------------------------
